<?xml version="1.0" encoding="UTF-8"?>
<coverage generated="1503660823972" clover="3.2.0">
  <project timestamp="1503660823973" name="All files">
    <metrics statements="529" coveredstatements="528" conditionals="13" coveredconditionals="10" methods="70" coveredmethods="70" elements="612" coveredelements="608" complexity="0" loc="529" ncloc="529" packages="6" files="26" classes="26">
      <package name="src">
        <metrics statements="25" coveredstatements="24" conditionals="5" coveredconditionals="2" methods="1" coveredmethods="1"/>
        <file name="typography.js" path="/Users/viktorbezdek/Work/frack/react-htmlcontent/src/typography.js">
          <metrics statements="25" coveredstatements="24" conditionals="5" coveredconditionals="2" methods="1" coveredmethods="1"/>
          <line num="32" count="35" type="stmt"/>
          <line num="34" count="35" type="cond" truecount="1" falsecount="1"/>
          <line num="38" count="35" type="stmt"/>
          <line num="40" count="35" type="cond" truecount="1" falsecount="1"/>
          <line num="41" count="0" type="stmt"/>
          <line num="45" count="35" type="stmt"/>
          <line num="48" count="35" type="stmt"/>
          <line num="51" count="35" type="stmt"/>
          <line num="52" count="35" type="stmt"/>
          <line num="53" count="35" type="stmt"/>
          <line num="54" count="35" type="stmt"/>
          <line num="55" count="35" type="stmt"/>
          <line num="58" count="35" type="stmt"/>
          <line num="59" count="35" type="stmt"/>
          <line num="60" count="35" type="stmt"/>
          <line num="61" count="35" type="stmt"/>
          <line num="62" count="35" type="stmt"/>
          <line num="63" count="35" type="stmt"/>
          <line num="64" count="35" type="stmt"/>
          <line num="65" count="35" type="stmt"/>
          <line num="68" count="35" type="stmt"/>
          <line num="69" count="35" type="stmt"/>
          <line num="72" count="35" type="stmt"/>
          <line num="74" count="35" type="stmt"/>
          <line num="76" count="35" type="stmt"/>
        </file>
      </package>
      <package name="src.lib.punctuation">
        <metrics statements="170" coveredstatements="170" conditionals="4" coveredconditionals="4" methods="18" coveredmethods="18"/>
        <file name="dash.js" path="/Users/viktorbezdek/Work/frack/react-htmlcontent/src/lib/punctuation/dash.js">
          <metrics statements="35" coveredstatements="35" conditionals="4" coveredconditionals="4" methods="8" coveredmethods="8"/>
          <line num="2" count="63" type="stmt"/>
          <line num="6" count="63" type="stmt"/>
          <line num="10" count="63" type="stmt"/>
          <line num="11" count="63" type="stmt"/>
          <line num="12" count="63" type="stmt"/>
          <line num="13" count="63" type="stmt"/>
          <line num="17" count="63" type="stmt"/>
          <line num="18" count="63" type="stmt"/>
          <line num="19" count="63" type="stmt"/>
          <line num="20" count="63" type="stmt"/>
          <line num="24" count="71" type="stmt"/>
          <line num="25" count="71" type="stmt"/>
          <line num="26" count="71" type="stmt"/>
          <line num="28" count="71" type="cond" truecount="4" falsecount="0"/>
          <line num="30" count="53" type="stmt"/>
          <line num="31" count="53" type="stmt"/>
          <line num="35" count="18" type="stmt"/>
          <line num="36" count="18" type="stmt"/>
          <line num="39" count="71" type="stmt"/>
          <line num="51" count="72" type="stmt"/>
          <line num="52" count="72" type="stmt"/>
          <line num="53" count="72" type="stmt"/>
          <line num="54" count="72" type="stmt"/>
          <line num="66" count="78" type="stmt"/>
          <line num="67" count="78" type="stmt"/>
          <line num="68" count="78" type="stmt"/>
          <line num="70" count="78" type="stmt"/>
          <line num="80" count="62" type="stmt"/>
          <line num="81" count="62" type="stmt"/>
          <line num="82" count="62" type="stmt"/>
          <line num="83" count="62" type="stmt"/>
          <line num="84" count="62" type="stmt"/>
          <line num="85" count="62" type="stmt"/>
          <line num="86" count="62" type="stmt"/>
          <line num="87" count="62" type="stmt"/>
        </file>
        <file name="double-quotes.js" path="/Users/viktorbezdek/Work/frack/react-htmlcontent/src/lib/punctuation/double-quotes.js">
          <metrics statements="42" coveredstatements="42" conditionals="0" coveredconditionals="0" methods="1" coveredmethods="1"/>
          <line num="31" count="101" type="stmt"/>
          <line num="32" count="101" type="stmt"/>
          <line num="33" count="101" type="stmt"/>
          <line num="36" count="101" type="stmt"/>
          <line num="37" count="101" type="stmt"/>
          <line num="38" count="101" type="stmt"/>
          <line num="43" count="101" type="stmt"/>
          <line num="45" count="101" type="stmt"/>
          <line num="48" count="101" type="stmt"/>
          <line num="49" count="101" type="stmt"/>
          <line num="50" count="101" type="stmt"/>
          <line num="53" count="101" type="stmt"/>
          <line num="54" count="101" type="stmt"/>
          <line num="55" count="101" type="stmt"/>
          <line num="58" count="101" type="stmt"/>
          <line num="59" count="101" type="stmt"/>
          <line num="60" count="101" type="stmt"/>
          <line num="63" count="101" type="stmt"/>
          <line num="64" count="101" type="stmt"/>
          <line num="65" count="101" type="stmt"/>
          <line num="76" count="101" type="stmt"/>
          <line num="77" count="101" type="stmt"/>
          <line num="78" count="101" type="stmt"/>
          <line num="81" count="101" type="stmt"/>
          <line num="82" count="101" type="stmt"/>
          <line num="83" count="101" type="stmt"/>
          <line num="100" count="101" type="stmt"/>
          <line num="101" count="101" type="stmt"/>
          <line num="102" count="101" type="stmt"/>
          <line num="111" count="101" type="stmt"/>
          <line num="112" count="101" type="stmt"/>
          <line num="113" count="101" type="stmt"/>
          <line num="116" count="101" type="stmt"/>
          <line num="117" count="101" type="stmt"/>
          <line num="118" count="101" type="stmt"/>
          <line num="121" count="101" type="stmt"/>
          <line num="122" count="101" type="stmt"/>
          <line num="123" count="101" type="stmt"/>
          <line num="127" count="101" type="stmt"/>
          <line num="128" count="101" type="stmt"/>
          <line num="129" count="101" type="stmt"/>
          <line num="131" count="101" type="stmt"/>
        </file>
        <file name="ellipsis.js" path="/Users/viktorbezdek/Work/frack/react-htmlcontent/src/lib/punctuation/ellipsis.js">
          <metrics statements="40" coveredstatements="40" conditionals="0" coveredconditionals="0" methods="3" coveredmethods="3"/>
          <line num="9" count="64" type="stmt"/>
          <line num="10" count="64" type="stmt"/>
          <line num="11" count="64" type="stmt"/>
          <line num="12" count="64" type="stmt"/>
          <line num="16" count="64" type="stmt"/>
          <line num="17" count="64" type="stmt"/>
          <line num="18" count="64" type="stmt"/>
          <line num="19" count="64" type="stmt"/>
          <line num="22" count="64" type="stmt"/>
          <line num="23" count="64" type="stmt"/>
          <line num="24" count="64" type="stmt"/>
          <line num="25" count="64" type="stmt"/>
          <line num="28" count="64" type="stmt"/>
          <line num="29" count="64" type="stmt"/>
          <line num="30" count="64" type="stmt"/>
          <line num="31" count="64" type="stmt"/>
          <line num="34" count="64" type="stmt"/>
          <line num="35" count="64" type="stmt"/>
          <line num="36" count="64" type="stmt"/>
          <line num="37" count="64" type="stmt"/>
          <line num="39" count="64" type="stmt"/>
          <line num="70" count="64" type="stmt"/>
          <line num="71" count="64" type="stmt"/>
          <line num="72" count="64" type="stmt"/>
          <line num="76" count="64" type="stmt"/>
          <line num="77" count="64" type="stmt"/>
          <line num="78" count="64" type="stmt"/>
          <line num="82" count="64" type="stmt"/>
          <line num="83" count="64" type="stmt"/>
          <line num="84" count="64" type="stmt"/>
          <line num="88" count="64" type="stmt"/>
          <line num="89" count="64" type="stmt"/>
          <line num="90" count="64" type="stmt"/>
          <line num="94" count="64" type="stmt"/>
          <line num="95" count="64" type="stmt"/>
          <line num="96" count="64" type="stmt"/>
          <line num="98" count="64" type="stmt"/>
          <line num="102" count="64" type="stmt"/>
          <line num="103" count="64" type="stmt"/>
          <line num="104" count="64" type="stmt"/>
        </file>
        <file name="hyphen.js" path="/Users/viktorbezdek/Work/frack/react-htmlcontent/src/lib/punctuation/hyphen.js">
          <metrics statements="9" coveredstatements="9" conditionals="0" coveredconditionals="0" methods="2" coveredmethods="2"/>
          <line num="2" count="45" type="stmt"/>
          <line num="3" count="45" type="stmt"/>
          <line num="4" count="45" type="stmt"/>
          <line num="6" count="45" type="stmt"/>
          <line num="7" count="45" type="stmt"/>
          <line num="8" count="45" type="stmt"/>
          <line num="10" count="45" type="stmt"/>
          <line num="14" count="40" type="stmt"/>
          <line num="15" count="40" type="stmt"/>
        </file>
        <file name="period.js" path="/Users/viktorbezdek/Work/frack/react-htmlcontent/src/lib/punctuation/period.js">
          <metrics statements="2" coveredstatements="2" conditionals="0" coveredconditionals="0" methods="2" coveredmethods="2"/>
          <line num="3" count="136" type="stmt"/>
          <line num="7" count="37" type="stmt"/>
        </file>
        <file name="single-quotes.js" path="/Users/viktorbezdek/Work/frack/react-htmlcontent/src/lib/punctuation/single-quotes.js">
          <metrics statements="42" coveredstatements="42" conditionals="0" coveredconditionals="0" methods="2" coveredmethods="2"/>
          <line num="25" count="69" type="stmt"/>
          <line num="26" count="69" type="stmt"/>
          <line num="27" count="69" type="stmt"/>
          <line num="31" count="69" type="stmt"/>
          <line num="32" count="69" type="stmt"/>
          <line num="33" count="69" type="stmt"/>
          <line num="34" count="69" type="stmt"/>
          <line num="38" count="69" type="stmt"/>
          <line num="39" count="69" type="stmt"/>
          <line num="40" count="69" type="stmt"/>
          <line num="41" count="69" type="stmt"/>
          <line num="45" count="69" type="stmt"/>
          <line num="46" count="69" type="stmt"/>
          <line num="47" count="69" type="stmt"/>
          <line num="50" count="69" type="stmt"/>
          <line num="51" count="69" type="stmt"/>
          <line num="52" count="69" type="stmt"/>
          <line num="54" count="16" type="stmt"/>
          <line num="55" count="16" type="stmt"/>
          <line num="56" count="16" type="stmt"/>
          <line num="59" count="16" type="stmt"/>
          <line num="60" count="16" type="stmt"/>
          <line num="61" count="16" type="stmt"/>
          <line num="64" count="16" type="stmt"/>
          <line num="65" count="16" type="stmt"/>
          <line num="66" count="16" type="stmt"/>
          <line num="70" count="16" type="stmt"/>
          <line num="71" count="16" type="stmt"/>
          <line num="72" count="16" type="stmt"/>
          <line num="74" count="16" type="stmt"/>
          <line num="80" count="69" type="stmt"/>
          <line num="91" count="69" type="stmt"/>
          <line num="92" count="69" type="stmt"/>
          <line num="93" count="69" type="stmt"/>
          <line num="96" count="69" type="stmt"/>
          <line num="97" count="69" type="stmt"/>
          <line num="98" count="69" type="stmt"/>
          <line num="101" count="69" type="stmt"/>
          <line num="102" count="69" type="stmt"/>
          <line num="104" count="69" type="stmt"/>
          <line num="105" count="69" type="stmt"/>
          <line num="107" count="69" type="stmt"/>
        </file>
      </package>
      <package name="src.lib.symbols">
        <metrics statements="79" coveredstatements="79" conditionals="0" coveredconditionals="0" methods="18" coveredmethods="18"/>
        <file name="copyright.js" path="/Users/viktorbezdek/Work/frack/react-htmlcontent/src/lib/symbols/copyright.js">
          <metrics statements="11" coveredstatements="11" conditionals="0" coveredconditionals="0" methods="2" coveredmethods="2"/>
          <line num="10" count="45" type="stmt"/>
          <line num="11" count="45" type="stmt"/>
          <line num="12" count="45" type="stmt"/>
          <line num="14" count="45" type="stmt"/>
          <line num="18" count="45" type="stmt"/>
          <line num="19" count="45" type="stmt"/>
          <line num="20" count="45" type="stmt"/>
          <line num="21" count="45" type="stmt"/>
          <line num="22" count="45" type="stmt"/>
          <line num="23" count="45" type="stmt"/>
          <line num="25" count="45" type="stmt"/>
        </file>
        <file name="exponents.js" path="/Users/viktorbezdek/Work/frack/react-htmlcontent/src/lib/symbols/exponents.js">
          <metrics statements="10" coveredstatements="10" conditionals="0" coveredconditionals="0" methods="4" coveredmethods="4"/>
          <line num="2" count="208" type="stmt"/>
          <line num="3" count="208" type="stmt"/>
          <line num="4" count="208" type="stmt"/>
          <line num="5" count="208" type="stmt"/>
          <line num="6" count="208" type="stmt"/>
          <line num="10" count="104" type="stmt"/>
          <line num="14" count="104" type="stmt"/>
          <line num="18" count="81" type="stmt"/>
          <line num="19" count="81" type="stmt"/>
          <line num="20" count="81" type="stmt"/>
        </file>
        <file name="multiplication-sign.js" path="/Users/viktorbezdek/Work/frack/react-htmlcontent/src/lib/symbols/multiplication-sign.js">
          <metrics statements="13" coveredstatements="13" conditionals="0" coveredconditionals="0" methods="1" coveredmethods="1"/>
          <line num="3" count="48" type="stmt"/>
          <line num="4" count="48" type="stmt"/>
          <line num="5" count="48" type="stmt"/>
          <line num="6" count="48" type="stmt"/>
          <line num="9" count="48" type="stmt"/>
          <line num="10" count="48" type="stmt"/>
          <line num="11" count="48" type="stmt"/>
          <line num="12" count="48" type="stmt"/>
          <line num="15" count="48" type="stmt"/>
          <line num="16" count="48" type="stmt"/>
          <line num="17" count="48" type="stmt"/>
          <line num="18" count="48" type="stmt"/>
          <line num="20" count="48" type="stmt"/>
        </file>
        <file name="plus-minus.js" path="/Users/viktorbezdek/Work/frack/react-htmlcontent/src/lib/symbols/plus-minus.js">
          <metrics statements="4" coveredstatements="4" conditionals="0" coveredconditionals="0" methods="1" coveredmethods="1"/>
          <line num="4" count="37" type="stmt"/>
          <line num="5" count="37" type="stmt"/>
          <line num="6" count="37" type="stmt"/>
          <line num="8" count="37" type="stmt"/>
        </file>
        <file name="registered-trademark.js" path="/Users/viktorbezdek/Work/frack/react-htmlcontent/src/lib/symbols/registered-trademark.js">
          <metrics statements="8" coveredstatements="8" conditionals="0" coveredconditionals="0" methods="2" coveredmethods="2"/>
          <line num="8" count="41" type="stmt"/>
          <line num="9" count="41" type="stmt"/>
          <line num="10" count="41" type="stmt"/>
          <line num="12" count="41" type="stmt"/>
          <line num="16" count="41" type="stmt"/>
          <line num="17" count="41" type="stmt"/>
          <line num="18" count="41" type="stmt"/>
          <line num="20" count="41" type="stmt"/>
        </file>
        <file name="section-sign.js" path="/Users/viktorbezdek/Work/frack/react-htmlcontent/src/lib/symbols/section-sign.js">
          <metrics statements="16" coveredstatements="16" conditionals="0" coveredconditionals="0" methods="4" coveredmethods="4"/>
          <line num="2" count="45" type="stmt"/>
          <line num="3" count="45" type="stmt"/>
          <line num="4" count="45" type="stmt"/>
          <line num="6" count="45" type="stmt"/>
          <line num="10" count="45" type="stmt"/>
          <line num="11" count="45" type="stmt"/>
          <line num="12" count="45" type="stmt"/>
          <line num="14" count="45" type="stmt"/>
          <line num="18" count="45" type="stmt"/>
          <line num="19" count="45" type="stmt"/>
          <line num="20" count="45" type="stmt"/>
          <line num="22" count="45" type="stmt"/>
          <line num="26" count="45" type="stmt"/>
          <line num="27" count="45" type="stmt"/>
          <line num="28" count="45" type="stmt"/>
          <line num="30" count="45" type="stmt"/>
        </file>
        <file name="sound-recording-copyright.js" path="/Users/viktorbezdek/Work/frack/react-htmlcontent/src/lib/symbols/sound-recording-copyright.js">
          <metrics statements="9" coveredstatements="9" conditionals="0" coveredconditionals="0" methods="2" coveredmethods="2"/>
          <line num="6" count="44" type="stmt"/>
          <line num="7" count="44" type="stmt"/>
          <line num="8" count="44" type="stmt"/>
          <line num="10" count="44" type="stmt"/>
          <line num="14" count="44" type="stmt"/>
          <line num="15" count="44" type="stmt"/>
          <line num="16" count="44" type="stmt"/>
          <line num="17" count="44" type="stmt"/>
          <line num="19" count="44" type="stmt"/>
        </file>
        <file name="trademark.js" path="/Users/viktorbezdek/Work/frack/react-htmlcontent/src/lib/symbols/trademark.js">
          <metrics statements="8" coveredstatements="8" conditionals="0" coveredconditionals="0" methods="2" coveredmethods="2"/>
          <line num="5" count="40" type="stmt"/>
          <line num="6" count="40" type="stmt"/>
          <line num="7" count="40" type="stmt"/>
          <line num="9" count="40" type="stmt"/>
          <line num="13" count="40" type="stmt"/>
          <line num="14" count="40" type="stmt"/>
          <line num="15" count="40" type="stmt"/>
          <line num="17" count="40" type="stmt"/>
        </file>
      </package>
      <package name="src.lib.whitespace">
        <metrics statements="115" coveredstatements="115" conditionals="2" coveredconditionals="2" methods="23" coveredmethods="23"/>
        <file name="lines.js" path="/Users/viktorbezdek/Work/frack/react-htmlcontent/src/lib/whitespace/lines.js">
          <metrics statements="1" coveredstatements="1" conditionals="0" coveredconditionals="0" methods="1" coveredmethods="1"/>
          <line num="8" count="1" type="stmt"/>
        </file>
        <file name="nbsp.js" path="/Users/viktorbezdek/Work/frack/react-htmlcontent/src/lib/whitespace/nbsp.js">
          <metrics statements="78" coveredstatements="78" conditionals="2" coveredconditionals="2" methods="12" coveredmethods="12"/>
          <line num="4" count="119" type="stmt"/>
          <line num="5" count="119" type="stmt"/>
          <line num="6" count="119" type="stmt"/>
          <line num="7" count="119" type="stmt"/>
          <line num="8" count="119" type="stmt"/>
          <line num="10" count="119" type="stmt"/>
          <line num="14" count="123" type="stmt"/>
          <line num="15" count="123" type="stmt"/>
          <line num="16" count="123" type="stmt"/>
          <line num="17" count="123" type="stmt"/>
          <line num="18" count="123" type="stmt"/>
          <line num="19" count="123" type="stmt"/>
          <line num="21" count="123" type="stmt"/>
          <line num="25" count="114" type="stmt"/>
          <line num="26" count="114" type="stmt"/>
          <line num="27" count="114" type="stmt"/>
          <line num="28" count="114" type="stmt"/>
          <line num="30" count="114" type="stmt"/>
          <line num="34" count="115" type="stmt"/>
          <line num="35" count="115" type="stmt"/>
          <line num="36" count="115" type="stmt"/>
          <line num="37" count="115" type="stmt"/>
          <line num="39" count="115" type="stmt"/>
          <line num="43" count="137" type="stmt"/>
          <line num="44" count="137" type="stmt"/>
          <line num="45" count="137" type="stmt"/>
          <line num="46" count="137" type="stmt"/>
          <line num="48" count="137" type="stmt"/>
          <line num="52" count="122" type="stmt"/>
          <line num="53" count="122" type="stmt"/>
          <line num="54" count="122" type="stmt"/>
          <line num="55" count="122" type="stmt"/>
          <line num="57" count="122" type="stmt"/>
          <line num="61" count="137" type="stmt"/>
          <line num="63" count="137" type="cond" truecount="2" falsecount="0"/>
          <line num="64" count="81" type="stmt"/>
          <line num="65" count="81" type="stmt"/>
          <line num="66" count="81" type="stmt"/>
          <line num="68" count="81" type="stmt"/>
          <line num="71" count="56" type="stmt"/>
          <line num="75" count="115" type="stmt"/>
          <line num="76" count="115" type="stmt"/>
          <line num="77" count="115" type="stmt"/>
          <line num="78" count="115" type="stmt"/>
          <line num="80" count="115" type="stmt"/>
          <line num="84" count="91" type="stmt"/>
          <line num="85" count="91" type="stmt"/>
          <line num="86" count="91" type="stmt"/>
          <line num="87" count="91" type="stmt"/>
          <line num="89" count="91" type="stmt"/>
          <line num="93" count="92" type="stmt"/>
          <line num="94" count="92" type="stmt"/>
          <line num="95" count="92" type="stmt"/>
          <line num="96" count="92" type="stmt"/>
          <line num="98" count="92" type="stmt"/>
          <line num="102" count="130" type="stmt"/>
          <line num="103" count="130" type="stmt"/>
          <line num="107" count="130" type="stmt"/>
          <line num="108" count="2470" type="stmt"/>
          <line num="109" count="2470" type="stmt"/>
          <line num="110" count="2470" type="stmt"/>
          <line num="112" count="2470" type="stmt"/>
          <line num="117" count="130" type="stmt"/>
          <line num="118" count="2470" type="stmt"/>
          <line num="119" count="2470" type="stmt"/>
          <line num="120" count="2470" type="stmt"/>
          <line num="122" count="2470" type="stmt"/>
          <line num="125" count="130" type="stmt"/>
          <line num="135" count="113" type="stmt"/>
          <line num="136" count="113" type="stmt"/>
          <line num="137" count="113" type="stmt"/>
          <line num="138" count="113" type="stmt"/>
          <line num="139" count="113" type="stmt"/>
          <line num="140" count="113" type="stmt"/>
          <line num="141" count="113" type="stmt"/>
          <line num="142" count="113" type="stmt"/>
          <line num="143" count="113" type="stmt"/>
          <line num="145" count="113" type="stmt"/>
        </file>
        <file name="spaces.js" path="/Users/viktorbezdek/Work/frack/react-htmlcontent/src/lib/whitespace/spaces.js">
          <metrics statements="36" coveredstatements="36" conditionals="0" coveredconditionals="0" methods="10" coveredmethods="10"/>
          <line num="2" count="42" type="stmt"/>
          <line num="3" count="42" type="stmt"/>
          <line num="4" count="42" type="stmt"/>
          <line num="24" count="46" type="stmt"/>
          <line num="27" count="46" type="stmt"/>
          <line num="28" count="47" type="stmt"/>
          <line num="32" count="46" type="stmt"/>
          <line num="36" count="44" type="stmt"/>
          <line num="37" count="44" type="stmt"/>
          <line num="38" count="44" type="stmt"/>
          <line num="42" count="171" type="stmt"/>
          <line num="43" count="171" type="stmt"/>
          <line num="44" count="171" type="stmt"/>
          <line num="48" count="163" type="stmt"/>
          <line num="49" count="163" type="stmt"/>
          <line num="50" count="163" type="stmt"/>
          <line num="54" count="38" type="stmt"/>
          <line num="55" count="38" type="stmt"/>
          <line num="56" count="38" type="stmt"/>
          <line num="60" count="47" type="stmt"/>
          <line num="61" count="47" type="stmt"/>
          <line num="62" count="47" type="stmt"/>
          <line num="66" count="270" type="stmt"/>
          <line num="70" count="92" type="stmt"/>
          <line num="71" count="92" type="stmt"/>
          <line num="72" count="92" type="stmt"/>
          <line num="74" count="92" type="stmt"/>
          <line num="78" count="35" type="stmt"/>
          <line num="79" count="35" type="stmt"/>
          <line num="80" count="35" type="stmt"/>
          <line num="81" count="35" type="stmt"/>
          <line num="82" count="35" type="stmt"/>
          <line num="83" count="35" type="stmt"/>
          <line num="84" count="35" type="stmt"/>
          <line num="85" count="35" type="stmt"/>
          <line num="86" count="35" type="stmt"/>
        </file>
      </package>
      <package name="src.lib.words">
        <metrics statements="73" coveredstatements="73" conditionals="2" coveredconditionals="2" methods="9" coveredmethods="9"/>
        <file name="abbreviations.js" path="/Users/viktorbezdek/Work/frack/react-htmlcontent/src/lib/words/abbreviations.js">
          <metrics statements="43" coveredstatements="43" conditionals="0" coveredconditionals="0" methods="2" coveredmethods="2"/>
          <line num="21" count="99" type="stmt"/>
          <line num="22" count="99" type="stmt"/>
          <line num="24" count="198" type="stmt"/>
          <line num="25" count="198" type="stmt"/>
          <line num="26" count="198" type="stmt"/>
          <line num="27" count="198" type="stmt"/>
          <line num="31" count="99" type="stmt"/>
          <line num="32" count="99" type="stmt"/>
          <line num="34" count="198" type="stmt"/>
          <line num="35" count="198" type="stmt"/>
          <line num="36" count="198" type="stmt"/>
          <line num="37" count="198" type="stmt"/>
          <line num="41" count="99" type="stmt"/>
          <line num="42" count="99" type="stmt"/>
          <line num="44" count="198" type="stmt"/>
          <line num="45" count="198" type="stmt"/>
          <line num="46" count="198" type="stmt"/>
          <line num="47" count="198" type="stmt"/>
          <line num="51" count="99" type="stmt"/>
          <line num="52" count="99" type="stmt"/>
          <line num="53" count="198" type="stmt"/>
          <line num="54" count="198" type="stmt"/>
          <line num="55" count="198" type="stmt"/>
          <line num="56" count="198" type="stmt"/>
          <line num="63" count="99" type="stmt"/>
          <line num="64" count="99" type="stmt"/>
          <line num="66" count="396" type="stmt"/>
          <line num="67" count="396" type="stmt"/>
          <line num="68" count="396" type="stmt"/>
          <line num="69" count="396" type="stmt"/>
          <line num="72" count="396" type="stmt"/>
          <line num="73" count="396" type="stmt"/>
          <line num="74" count="396" type="stmt"/>
          <line num="75" count="396" type="stmt"/>
          <line num="82" count="99" type="stmt"/>
          <line num="83" count="396" type="stmt"/>
          <line num="84" count="396" type="stmt"/>
          <line num="85" count="396" type="stmt"/>
          <line num="86" count="396" type="stmt"/>
          <line num="90" count="99" type="stmt"/>
          <line num="91" count="99" type="stmt"/>
          <line num="93" count="99" type="stmt"/>
          <line num="97" count="35" type="stmt"/>
        </file>
        <file name="case.js" path="/Users/viktorbezdek/Work/frack/react-htmlcontent/src/lib/words/case.js">
          <metrics statements="13" coveredstatements="13" conditionals="0" coveredconditionals="0" methods="4" coveredmethods="4"/>
          <line num="17" count="47" type="stmt"/>
          <line num="18" count="47" type="stmt"/>
          <line num="20" count="47" type="stmt"/>
          <line num="21" count="1" type="stmt"/>
          <line num="28" count="47" type="stmt"/>
          <line num="29" count="47" type="stmt"/>
          <line num="30" count="47" type="stmt"/>
          <line num="31" count="2" type="stmt"/>
          <line num="35" count="47" type="stmt"/>
          <line num="36" count="47" type="stmt"/>
          <line num="37" count="47" type="stmt"/>
          <line num="38" count="4" type="stmt"/>
          <line num="41" count="47" type="stmt"/>
        </file>
        <file name="exceptions.js" path="/Users/viktorbezdek/Work/frack/react-htmlcontent/src/lib/words/exceptions.js">
          <metrics statements="17" coveredstatements="17" conditionals="2" coveredconditionals="2" methods="3" coveredmethods="3"/>
          <line num="1" count="2" type="stmt"/>
          <line num="16" count="35" type="stmt"/>
          <line num="19" count="35" type="stmt"/>
          <line num="22" count="35" type="stmt"/>
          <line num="23" count="263" type="stmt"/>
          <line num="24" count="263" type="stmt"/>
          <line num="27" count="35" type="stmt"/>
          <line num="38" count="70" type="stmt"/>
          <line num="39" count="70" type="stmt"/>
          <line num="40" count="70" type="cond" truecount="2" falsecount="0"/>
          <line num="41" count="7" type="stmt"/>
          <line num="54" count="35" type="stmt"/>
          <line num="55" count="263" type="stmt"/>
          <line num="56" count="263" type="stmt"/>
          <line num="57" count="263" type="stmt"/>
          <line num="58" count="263" type="stmt"/>
          <line num="61" count="35" type="stmt"/>
        </file>
      </package>
      <package name="src.locale">
        <metrics statements="67" coveredstatements="67" conditionals="0" coveredconditionals="0" methods="1" coveredmethods="1"/>
        <file name="cs.js" path="/Users/viktorbezdek/Work/frack/react-htmlcontent/src/locale/cs.js">
          <metrics statements="3" coveredstatements="3" conditionals="0" coveredconditionals="0" methods="0" coveredmethods="0"/>
          <line num="1" count="19" type="stmt"/>
          <line num="8" count="19" type="stmt"/>
          <line num="13" count="19" type="stmt"/>
        </file>
        <file name="en-us.js" path="/Users/viktorbezdek/Work/frack/react-htmlcontent/src/locale/en-us.js">
          <metrics statements="3" coveredstatements="3" conditionals="0" coveredconditionals="0" methods="0" coveredmethods="0"/>
          <line num="1" count="19" type="stmt"/>
          <line num="8" count="19" type="stmt"/>
          <line num="13" count="19" type="stmt"/>
        </file>
        <file name="locale.js" path="/Users/viktorbezdek/Work/frack/react-htmlcontent/src/locale/locale.js">
          <metrics statements="55" coveredstatements="55" conditionals="0" coveredconditionals="0" methods="1" coveredmethods="1"/>
          <line num="8" count="19" type="stmt"/>
          <line num="17" count="706" type="stmt"/>
          <line num="20" count="706" type="stmt"/>
          <line num="21" count="706" type="stmt"/>
          <line num="22" count="706" type="stmt"/>
          <line num="23" count="706" type="stmt"/>
          <line num="24" count="706" type="stmt"/>
          <line num="25" count="706" type="stmt"/>
          <line num="38" count="706" type="stmt"/>
          <line num="39" count="706" type="stmt"/>
          <line num="40" count="706" type="stmt"/>
          <line num="41" count="706" type="stmt"/>
          <line num="42" count="706" type="stmt"/>
          <line num="43" count="706" type="stmt"/>
          <line num="44" count="706" type="stmt"/>
          <line num="45" count="706" type="stmt"/>
          <line num="46" count="706" type="stmt"/>
          <line num="49" count="706" type="stmt"/>
          <line num="50" count="706" type="stmt"/>
          <line num="51" count="706" type="stmt"/>
          <line num="52" count="706" type="stmt"/>
          <line num="53" count="706" type="stmt"/>
          <line num="56" count="706" type="stmt"/>
          <line num="57" count="706" type="stmt"/>
          <line num="59" count="706" type="stmt"/>
          <line num="60" count="706" type="stmt"/>
          <line num="61" count="706" type="stmt"/>
          <line num="62" count="706" type="stmt"/>
          <line num="63" count="706" type="stmt"/>
          <line num="64" count="706" type="stmt"/>
          <line num="65" count="706" type="stmt"/>
          <line num="68" count="706" type="stmt"/>
          <line num="69" count="706" type="stmt"/>
          <line num="70" count="706" type="stmt"/>
          <line num="71" count="706" type="stmt"/>
          <line num="72" count="706" type="stmt"/>
          <line num="73" count="706" type="stmt"/>
          <line num="74" count="706" type="stmt"/>
          <line num="75" count="706" type="stmt"/>
          <line num="76" count="706" type="stmt"/>
          <line num="82" count="706" type="stmt"/>
          <line num="125" count="706" type="stmt"/>
          <line num="134" count="706" type="stmt"/>
          <line num="135" count="706" type="stmt"/>
          <line num="136" count="706" type="stmt"/>
          <line num="137" count="706" type="stmt"/>
          <line num="140" count="706" type="stmt"/>
          <line num="143" count="706" type="stmt"/>
          <line num="144" count="2824" type="stmt"/>
          <line num="146" count="2824" type="stmt"/>
          <line num="147" count="22592" type="stmt"/>
          <line num="148" count="22592" type="stmt"/>
          <line num="149" count="22592" type="stmt"/>
          <line num="150" count="22592" type="stmt"/>
          <line num="151" count="22592" type="stmt"/>
        </file>
        <file name="rue.js" path="/Users/viktorbezdek/Work/frack/react-htmlcontent/src/locale/rue.js">
          <metrics statements="3" coveredstatements="3" conditionals="0" coveredconditionals="0" methods="0" coveredmethods="0"/>
          <line num="1" count="19" type="stmt"/>
          <line num="8" count="19" type="stmt"/>
          <line num="13" count="19" type="stmt"/>
        </file>
        <file name="sk.js" path="/Users/viktorbezdek/Work/frack/react-htmlcontent/src/locale/sk.js">
          <metrics statements="3" coveredstatements="3" conditionals="0" coveredconditionals="0" methods="0" coveredmethods="0"/>
          <line num="1" count="19" type="stmt"/>
          <line num="8" count="19" type="stmt"/>
          <line num="13" count="19" type="stmt"/>
        </file>
      </package>
    </metrics>
  </project>
</coverage>
