{"/Users/viktorbezdek/Work/frack/react-htmlcontent/src/typopo.js": {"path":"/Users/viktorbezdek/Work/frack/react-htmlcontent/src/typopo.js","statementMap":{"0":{"start":{"line":33,"column":2},"end":{"line":33,"column":68}},"1":{"start":{"line":35,"column":22},"end":{"line":35,"column":40}},"2":{"start":{"line":37,"column":2},"end":{"line":39,"column":19}},"3":{"start":{"line":41,"column":2},"end":{"line":41,"column":51}},"4":{"start":{"line":43,"column":2},"end":{"line":45,"column":3}},"5":{"start":{"line":44,"column":4},"end":{"line":44,"column":37}},"6":{"start":{"line":48,"column":2},"end":{"line":48,"column":45}},"7":{"start":{"line":51,"column":2},"end":{"line":51,"column":43}},"8":{"start":{"line":54,"column":2},"end":{"line":54,"column":28}},"9":{"start":{"line":55,"column":2},"end":{"line":55,"column":41}},"10":{"start":{"line":56,"column":2},"end":{"line":56,"column":43}},"11":{"start":{"line":57,"column":2},"end":{"line":57,"column":69}},"12":{"start":{"line":58,"column":2},"end":{"line":58,"column":58}},"13":{"start":{"line":61,"column":2},"end":{"line":61,"column":55}},"14":{"start":{"line":62,"column":2},"end":{"line":62,"column":48}},"15":{"start":{"line":63,"column":2},"end":{"line":63,"column":46}},"16":{"start":{"line":64,"column":2},"end":{"line":64,"column":60}},"17":{"start":{"line":65,"column":2},"end":{"line":65,"column":46}},"18":{"start":{"line":66,"column":2},"end":{"line":66,"column":56}},"19":{"start":{"line":67,"column":2},"end":{"line":67,"column":46}},"20":{"start":{"line":68,"column":2},"end":{"line":68,"column":46}},"21":{"start":{"line":71,"column":2},"end":{"line":71,"column":41}},"22":{"start":{"line":72,"column":2},"end":{"line":72,"column":50}},"23":{"start":{"line":75,"column":2},"end":{"line":75,"column":41}},"24":{"start":{"line":77,"column":2},"end":{"line":77,"column":34}},"25":{"start":{"line":79,"column":2},"end":{"line":79,"column":15}}},"fnMap":{"0":{"name":"fixTypos","decl":{"start":{"line":32,"column":16},"end":{"line":32,"column":24}},"loc":{"start":{"line":32,"column":57},"end":{"line":80,"column":1}},"line":32}},"branchMap":{"0":{"loc":{"start":{"line":33,"column":18},"end":{"line":33,"column":68}},"type":"cond-expr","locations":[{"start":{"line":33,"column":52},"end":{"line":33,"column":59}},{"start":{"line":33,"column":62},"end":{"line":33,"column":68}}],"line":33},"1":{"loc":{"start":{"line":37,"column":18},"end":{"line":39,"column":19}},"type":"cond-expr","locations":[{"start":{"line":37,"column":59},"end":{"line":39,"column":3}},{"start":{"line":39,"column":6},"end":{"line":39,"column":19}}],"line":37},"2":{"loc":{"start":{"line":43,"column":2},"end":{"line":45,"column":3}},"type":"if","locations":[{"start":{"line":43,"column":2},"end":{"line":45,"column":3}},{"start":{"line":43,"column":2},"end":{"line":45,"column":3}}],"line":43}},"s":{"0":35,"1":35,"2":35,"3":35,"4":35,"5":35,"6":35,"7":35,"8":35,"9":35,"10":35,"11":35,"12":35,"13":35,"14":35,"15":35,"16":35,"17":35,"18":35,"19":35,"20":35,"21":35,"22":35,"23":35,"24":35,"25":35},"f":{"0":35},"b":{"0":[0,35],"1":[35,0],"2":[35,0]},"_coverageSchema":"332fd63041d2c1bcb487cc26dd0d5f7d97098a6c","hash":"91b8b2db196d058f544fb0d5597ac71a898754d2"}
,"/Users/viktorbezdek/Work/frack/react-htmlcontent/src/lib/punctuation/dash.js": {"path":"/Users/viktorbezdek/Work/frack/react-htmlcontent/src/lib/punctuation/dash.js","statementMap":{"0":{"start":{"line":2,"column":2},"end":{"line":2,"column":38}},"1":{"start":{"line":6,"column":2},"end":{"line":6,"column":37}},"2":{"start":{"line":10,"column":16},"end":{"line":10,"column":87}},"3":{"start":{"line":11,"column":11},"end":{"line":11,"column":35}},"4":{"start":{"line":12,"column":20},"end":{"line":12,"column":63}},"5":{"start":{"line":13,"column":2},"end":{"line":13,"column":49}},"6":{"start":{"line":17,"column":16},"end":{"line":17,"column":87}},"7":{"start":{"line":18,"column":11},"end":{"line":18,"column":35}},"8":{"start":{"line":19,"column":20},"end":{"line":19,"column":63}},"9":{"start":{"line":20,"column":2},"end":{"line":20,"column":49}},"10":{"start":{"line":24,"column":16},"end":{"line":24,"column":89}},"11":{"start":{"line":25,"column":11},"end":{"line":25,"column":35}},"12":{"start":{"line":26,"column":20},"end":{"line":26,"column":22}},"13":{"start":{"line":28,"column":2},"end":{"line":37,"column":3}},"14":{"start":{"line":30,"column":6},"end":{"line":30,"column":33}},"15":{"start":{"line":31,"column":6},"end":{"line":31,"column":11}},"16":{"start":{"line":35,"column":6},"end":{"line":35,"column":72}},"17":{"start":{"line":36,"column":6},"end":{"line":36,"column":11}},"18":{"start":{"line":39,"column":2},"end":{"line":39,"column":49}},"19":{"start":{"line":51,"column":16},"end":{"line":51,"column":185}},"20":{"start":{"line":52,"column":11},"end":{"line":52,"column":35}},"21":{"start":{"line":53,"column":20},"end":{"line":53,"column":47}},"22":{"start":{"line":54,"column":2},"end":{"line":54,"column":40}},"23":{"start":{"line":66,"column":16},"end":{"line":66,"column":251}},"24":{"start":{"line":67,"column":11},"end":{"line":67,"column":36}},"25":{"start":{"line":68,"column":20},"end":{"line":68,"column":51}},"26":{"start":{"line":70,"column":2},"end":{"line":70,"column":40}},"27":{"start":{"line":80,"column":2},"end":{"line":80,"column":56}},"28":{"start":{"line":81,"column":2},"end":{"line":81,"column":54}},"29":{"start":{"line":82,"column":2},"end":{"line":82,"column":56}},"30":{"start":{"line":83,"column":2},"end":{"line":83,"column":56}},"31":{"start":{"line":84,"column":2},"end":{"line":84,"column":48}},"32":{"start":{"line":85,"column":2},"end":{"line":85,"column":56}},"33":{"start":{"line":86,"column":2},"end":{"line":86,"column":55}},"34":{"start":{"line":87,"column":2},"end":{"line":87,"column":15}}},"fnMap":{"0":{"name":"replaceThreeHyphensWithEmDash","decl":{"start":{"line":1,"column":16},"end":{"line":1,"column":45}},"loc":{"start":{"line":1,"column":63},"end":{"line":3,"column":1}},"line":1},"1":{"name":"replaceTwoHyphensWithEnDash","decl":{"start":{"line":5,"column":16},"end":{"line":5,"column":43}},"loc":{"start":{"line":5,"column":61},"end":{"line":7,"column":1}},"line":5},"2":{"name":"replaceSpacedHyphenWithEmDash","decl":{"start":{"line":9,"column":16},"end":{"line":9,"column":45}},"loc":{"start":{"line":9,"column":63},"end":{"line":14,"column":1}},"line":9},"3":{"name":"replaceSpacedEnDashWithEmDash","decl":{"start":{"line":16,"column":16},"end":{"line":16,"column":45}},"loc":{"start":{"line":16,"column":63},"end":{"line":21,"column":1}},"line":16},"4":{"name":"fixSpacesAroundEmDash","decl":{"start":{"line":23,"column":16},"end":{"line":23,"column":37}},"loc":{"start":{"line":23,"column":55},"end":{"line":40,"column":1}},"line":23},"5":{"name":"fixDashBetweenCardinalNumbers","decl":{"start":{"line":50,"column":16},"end":{"line":50,"column":45}},"loc":{"start":{"line":50,"column":63},"end":{"line":55,"column":1}},"line":50},"6":{"name":"fixDashBetweenOrdinalNumbers","decl":{"start":{"line":65,"column":16},"end":{"line":65,"column":44}},"loc":{"start":{"line":65,"column":62},"end":{"line":71,"column":1}},"line":65},"7":{"name":"fixDash","decl":{"start":{"line":79,"column":16},"end":{"line":79,"column":23}},"loc":{"start":{"line":79,"column":41},"end":{"line":88,"column":1}},"line":79}},"branchMap":{"0":{"loc":{"start":{"line":28,"column":2},"end":{"line":37,"column":3}},"type":"switch","locations":[{"start":{"line":29,"column":4},"end":{"line":31,"column":11}},{"start":{"line":32,"column":4},"end":{"line":32,"column":15}},{"start":{"line":33,"column":4},"end":{"line":33,"column":14}},{"start":{"line":34,"column":4},"end":{"line":36,"column":11}}],"line":28}},"s":{"0":63,"1":63,"2":63,"3":63,"4":63,"5":63,"6":63,"7":63,"8":63,"9":63,"10":71,"11":71,"12":71,"13":71,"14":53,"15":53,"16":18,"17":18,"18":71,"19":72,"20":72,"21":72,"22":72,"23":78,"24":78,"25":78,"26":78,"27":62,"28":62,"29":62,"30":62,"31":62,"32":62,"33":62,"34":62},"f":{"0":63,"1":63,"2":63,"3":63,"4":71,"5":72,"6":78,"7":62},"b":{"0":[53,6,12,18]},"_coverageSchema":"332fd63041d2c1bcb487cc26dd0d5f7d97098a6c","hash":"230da5e773bfa080522273b4b19970fc29dc9eac"}
,"/Users/viktorbezdek/Work/frack/react-htmlcontent/src/lib/punctuation/double-quotes.js": {"path":"/Users/viktorbezdek/Work/frack/react-htmlcontent/src/lib/punctuation/double-quotes.js","statementMap":{"0":{"start":{"line":31,"column":16},"end":{"line":31,"column":128}},"1":{"start":{"line":32,"column":11},"end":{"line":32,"column":35}},"2":{"start":{"line":33,"column":2},"end":{"line":33,"column":37}},"3":{"start":{"line":36,"column":2},"end":{"line":36,"column":86}},"4":{"start":{"line":37,"column":2},"end":{"line":37,"column":31}},"5":{"start":{"line":38,"column":2},"end":{"line":38,"column":37}},"6":{"start":{"line":43,"column":2},"end":{"line":44,"column":30}},"7":{"start":{"line":45,"column":2},"end":{"line":45,"column":59}},"8":{"start":{"line":48,"column":2},"end":{"line":48,"column":87}},"9":{"start":{"line":49,"column":2},"end":{"line":49,"column":31}},"10":{"start":{"line":50,"column":2},"end":{"line":50,"column":94}},"11":{"start":{"line":53,"column":2},"end":{"line":53,"column":105}},"12":{"start":{"line":54,"column":2},"end":{"line":54,"column":31}},"13":{"start":{"line":55,"column":2},"end":{"line":55,"column":74}},"14":{"start":{"line":58,"column":2},"end":{"line":58,"column":152}},"15":{"start":{"line":59,"column":2},"end":{"line":59,"column":31}},"16":{"start":{"line":60,"column":2},"end":{"line":60,"column":75}},"17":{"start":{"line":63,"column":2},"end":{"line":63,"column":98}},"18":{"start":{"line":64,"column":2},"end":{"line":64,"column":31}},"19":{"start":{"line":65,"column":2},"end":{"line":65,"column":37}},"20":{"start":{"line":76,"column":2},"end":{"line":76,"column":86}},"21":{"start":{"line":77,"column":2},"end":{"line":77,"column":31}},"22":{"start":{"line":78,"column":2},"end":{"line":78,"column":94}},"23":{"start":{"line":81,"column":2},"end":{"line":81,"column":70}},"24":{"start":{"line":82,"column":2},"end":{"line":82,"column":71}},"25":{"start":{"line":83,"column":2},"end":{"line":83,"column":65}},"26":{"start":{"line":100,"column":2},"end":{"line":100,"column":178}},"27":{"start":{"line":101,"column":2},"end":{"line":101,"column":31}},"28":{"start":{"line":102,"column":2},"end":{"line":102,"column":39}},"29":{"start":{"line":111,"column":2},"end":{"line":111,"column":66}},"30":{"start":{"line":112,"column":2},"end":{"line":112,"column":31}},"31":{"start":{"line":113,"column":2},"end":{"line":113,"column":35}},"32":{"start":{"line":116,"column":2},"end":{"line":116,"column":101}},"33":{"start":{"line":117,"column":2},"end":{"line":117,"column":31}},"34":{"start":{"line":118,"column":2},"end":{"line":118,"column":38}},"35":{"start":{"line":121,"column":2},"end":{"line":121,"column":73}},"36":{"start":{"line":122,"column":2},"end":{"line":122,"column":31}},"37":{"start":{"line":123,"column":2},"end":{"line":123,"column":38}},"38":{"start":{"line":127,"column":2},"end":{"line":127,"column":76}},"39":{"start":{"line":128,"column":2},"end":{"line":128,"column":125}},"40":{"start":{"line":129,"column":2},"end":{"line":129,"column":128}},"41":{"start":{"line":131,"column":2},"end":{"line":131,"column":15}}},"fnMap":{"0":{"name":"fixDoubleQuotesAndPrimes","decl":{"start":{"line":28,"column":16},"end":{"line":28,"column":40}},"loc":{"start":{"line":28,"column":58},"end":{"line":132,"column":1}},"line":28}},"branchMap":{},"s":{"0":101,"1":101,"2":101,"3":101,"4":101,"5":101,"6":101,"7":101,"8":101,"9":101,"10":101,"11":101,"12":101,"13":101,"14":101,"15":101,"16":101,"17":101,"18":101,"19":101,"20":101,"21":101,"22":101,"23":101,"24":101,"25":101,"26":101,"27":101,"28":101,"29":101,"30":101,"31":101,"32":101,"33":101,"34":101,"35":101,"36":101,"37":101,"38":101,"39":101,"40":101,"41":101},"f":{"0":101},"b":{},"_coverageSchema":"332fd63041d2c1bcb487cc26dd0d5f7d97098a6c","hash":"ade82fee4b2c9ea2ee90009001e08d044d761f97"}
,"/Users/viktorbezdek/Work/frack/react-htmlcontent/src/lib/punctuation/ellipsis.js": {"path":"/Users/viktorbezdek/Work/frack/react-htmlcontent/src/lib/punctuation/ellipsis.js","statementMap":{"0":{"start":{"line":9,"column":16},"end":{"line":9,"column":50}},"1":{"start":{"line":10,"column":11},"end":{"line":10,"column":35}},"2":{"start":{"line":11,"column":20},"end":{"line":11,"column":35}},"3":{"start":{"line":12,"column":2},"end":{"line":12,"column":42}},"4":{"start":{"line":16,"column":2},"end":{"line":16,"column":66}},"5":{"start":{"line":17,"column":2},"end":{"line":17,"column":31}},"6":{"start":{"line":18,"column":2},"end":{"line":18,"column":61}},"7":{"start":{"line":19,"column":2},"end":{"line":19,"column":42}},"8":{"start":{"line":22,"column":2},"end":{"line":22,"column":36}},"9":{"start":{"line":23,"column":2},"end":{"line":23,"column":31}},"10":{"start":{"line":24,"column":2},"end":{"line":24,"column":31}},"11":{"start":{"line":25,"column":2},"end":{"line":25,"column":42}},"12":{"start":{"line":28,"column":2},"end":{"line":28,"column":36}},"13":{"start":{"line":29,"column":2},"end":{"line":29,"column":31}},"14":{"start":{"line":30,"column":2},"end":{"line":30,"column":31}},"15":{"start":{"line":31,"column":2},"end":{"line":31,"column":42}},"16":{"start":{"line":34,"column":2},"end":{"line":34,"column":36}},"17":{"start":{"line":35,"column":2},"end":{"line":35,"column":31}},"18":{"start":{"line":36,"column":2},"end":{"line":36,"column":31}},"19":{"start":{"line":37,"column":2},"end":{"line":37,"column":42}},"20":{"start":{"line":39,"column":2},"end":{"line":39,"column":15}},"21":{"start":{"line":70,"column":16},"end":{"line":70,"column":91}},"22":{"start":{"line":71,"column":11},"end":{"line":71,"column":35}},"23":{"start":{"line":72,"column":2},"end":{"line":72,"column":37}},"24":{"start":{"line":76,"column":2},"end":{"line":76,"column":151}},"25":{"start":{"line":77,"column":2},"end":{"line":77,"column":31}},"26":{"start":{"line":78,"column":2},"end":{"line":78,"column":37}},"27":{"start":{"line":82,"column":2},"end":{"line":82,"column":156}},"28":{"start":{"line":83,"column":2},"end":{"line":83,"column":31}},"29":{"start":{"line":84,"column":2},"end":{"line":84,"column":37}},"30":{"start":{"line":88,"column":2},"end":{"line":88,"column":100}},"31":{"start":{"line":89,"column":2},"end":{"line":89,"column":32}},"32":{"start":{"line":90,"column":2},"end":{"line":90,"column":37}},"33":{"start":{"line":94,"column":2},"end":{"line":94,"column":215}},"34":{"start":{"line":95,"column":2},"end":{"line":95,"column":31}},"35":{"start":{"line":96,"column":2},"end":{"line":96,"column":37}},"36":{"start":{"line":98,"column":2},"end":{"line":98,"column":15}},"37":{"start":{"line":102,"column":2},"end":{"line":102,"column":53}},"38":{"start":{"line":103,"column":2},"end":{"line":103,"column":54}},"39":{"start":{"line":104,"column":2},"end":{"line":104,"column":15}}},"fnMap":{"0":{"name":"replacePeriodsWithEllipsis","decl":{"start":{"line":7,"column":9},"end":{"line":7,"column":35}},"loc":{"start":{"line":7,"column":53},"end":{"line":40,"column":1}},"line":7},"1":{"name":"correctSpacesAroundEllipsis","decl":{"start":{"line":68,"column":9},"end":{"line":68,"column":36}},"loc":{"start":{"line":68,"column":54},"end":{"line":99,"column":1}},"line":68},"2":{"name":"fixEllipsis","decl":{"start":{"line":101,"column":16},"end":{"line":101,"column":27}},"loc":{"start":{"line":101,"column":45},"end":{"line":105,"column":1}},"line":101}},"branchMap":{},"s":{"0":64,"1":64,"2":64,"3":64,"4":64,"5":64,"6":64,"7":64,"8":64,"9":64,"10":64,"11":64,"12":64,"13":64,"14":64,"15":64,"16":64,"17":64,"18":64,"19":64,"20":64,"21":64,"22":64,"23":64,"24":64,"25":64,"26":64,"27":64,"28":64,"29":64,"30":64,"31":64,"32":64,"33":64,"34":64,"35":64,"36":64,"37":64,"38":64,"39":64},"f":{"0":64,"1":64,"2":64},"b":{},"_coverageSchema":"332fd63041d2c1bcb487cc26dd0d5f7d97098a6c","hash":"07556d01fc2e4dbe24dd8b444f89a4b576f82406"}
,"/Users/viktorbezdek/Work/frack/react-htmlcontent/src/lib/punctuation/hyphen.js": {"path":"/Users/viktorbezdek/Work/frack/react-htmlcontent/src/lib/punctuation/hyphen.js","statementMap":{"0":{"start":{"line":2,"column":16},"end":{"line":2,"column":100}},"1":{"start":{"line":3,"column":11},"end":{"line":3,"column":35}},"2":{"start":{"line":4,"column":2},"end":{"line":4,"column":38}},"3":{"start":{"line":6,"column":2},"end":{"line":6,"column":96}},"4":{"start":{"line":7,"column":2},"end":{"line":7,"column":31}},"5":{"start":{"line":8,"column":2},"end":{"line":8,"column":38}},"6":{"start":{"line":10,"column":2},"end":{"line":10,"column":15}},"7":{"start":{"line":14,"column":2},"end":{"line":14,"column":47}},"8":{"start":{"line":15,"column":2},"end":{"line":15,"column":15}}},"fnMap":{"0":{"name":"fixSpaceAroundHyphen","decl":{"start":{"line":1,"column":16},"end":{"line":1,"column":36}},"loc":{"start":{"line":1,"column":54},"end":{"line":11,"column":1}},"line":1},"1":{"name":"fixHyphen","decl":{"start":{"line":13,"column":16},"end":{"line":13,"column":25}},"loc":{"start":{"line":13,"column":43},"end":{"line":16,"column":1}},"line":13}},"branchMap":{},"s":{"0":45,"1":45,"2":45,"3":45,"4":45,"5":45,"6":45,"7":40,"8":40},"f":{"0":45,"1":40},"b":{},"_coverageSchema":"332fd63041d2c1bcb487cc26dd0d5f7d97098a6c","hash":"fffe9ec4e87829b15ce97598f2c10a57ea295fd5"}
,"/Users/viktorbezdek/Work/frack/react-htmlcontent/src/lib/punctuation/period.js": {"path":"/Users/viktorbezdek/Work/frack/react-htmlcontent/src/lib/punctuation/period.js","statementMap":{"0":{"start":{"line":3,"column":2},"end":{"line":3,"column":38}},"1":{"start":{"line":7,"column":2},"end":{"line":7,"column":34}}},"fnMap":{"0":{"name":"removeExtraPeriod","decl":{"start":{"line":2,"column":16},"end":{"line":2,"column":33}},"loc":{"start":{"line":2,"column":43},"end":{"line":4,"column":1}},"line":2},"1":{"name":"fixPeriod","decl":{"start":{"line":6,"column":16},"end":{"line":6,"column":25}},"loc":{"start":{"line":6,"column":35},"end":{"line":8,"column":1}},"line":6}},"branchMap":{},"s":{"0":136,"1":37},"f":{"0":136,"1":37},"b":{},"_coverageSchema":"332fd63041d2c1bcb487cc26dd0d5f7d97098a6c","hash":"bad6c02944e3dda1b41ffe4195202e18c8a75273"}
,"/Users/viktorbezdek/Work/frack/react-htmlcontent/src/lib/punctuation/single-quotes.js": {"path":"/Users/viktorbezdek/Work/frack/react-htmlcontent/src/lib/punctuation/single-quotes.js","statementMap":{"0":{"start":{"line":25,"column":16},"end":{"line":25,"column":89}},"1":{"start":{"line":26,"column":11},"end":{"line":26,"column":36}},"2":{"start":{"line":27,"column":2},"end":{"line":27,"column":79}},"3":{"start":{"line":31,"column":29},"end":{"line":31,"column":58}},"4":{"start":{"line":32,"column":2},"end":{"line":32,"column":78}},"5":{"start":{"line":33,"column":2},"end":{"line":33,"column":32}},"6":{"start":{"line":34,"column":2},"end":{"line":34,"column":57}},"7":{"start":{"line":38,"column":25},"end":{"line":38,"column":64}},"8":{"start":{"line":39,"column":2},"end":{"line":39,"column":132}},"9":{"start":{"line":40,"column":2},"end":{"line":40,"column":31}},"10":{"start":{"line":41,"column":2},"end":{"line":41,"column":59}},"11":{"start":{"line":45,"column":2},"end":{"line":45,"column":58}},"12":{"start":{"line":46,"column":2},"end":{"line":46,"column":31}},"13":{"start":{"line":47,"column":2},"end":{"line":47,"column":57}},"14":{"start":{"line":50,"column":2},"end":{"line":50,"column":87}},"15":{"start":{"line":51,"column":2},"end":{"line":51,"column":31}},"16":{"start":{"line":52,"column":2},"end":{"line":75,"column":4}},"17":{"start":{"line":54,"column":18},"end":{"line":54,"column":84}},"18":{"start":{"line":55,"column":13},"end":{"line":55,"column":37}},"19":{"start":{"line":56,"column":4},"end":{"line":56,"column":67}},"20":{"start":{"line":59,"column":4},"end":{"line":59,"column":100}},"21":{"start":{"line":60,"column":4},"end":{"line":60,"column":33}},"22":{"start":{"line":61,"column":4},"end":{"line":61,"column":70}},"23":{"start":{"line":64,"column":4},"end":{"line":64,"column":121}},"24":{"start":{"line":65,"column":4},"end":{"line":65,"column":33}},"25":{"start":{"line":66,"column":4},"end":{"line":66,"column":88}},"26":{"start":{"line":70,"column":4},"end":{"line":70,"column":97}},"27":{"start":{"line":71,"column":4},"end":{"line":71,"column":33}},"28":{"start":{"line":72,"column":4},"end":{"line":72,"column":88}},"29":{"start":{"line":74,"column":4},"end":{"line":74,"column":23}},"30":{"start":{"line":80,"column":2},"end":{"line":80,"column":79}},"31":{"start":{"line":91,"column":2},"end":{"line":91,"column":83}},"32":{"start":{"line":92,"column":2},"end":{"line":92,"column":31}},"33":{"start":{"line":93,"column":2},"end":{"line":93,"column":94}},"34":{"start":{"line":96,"column":2},"end":{"line":96,"column":48}},"35":{"start":{"line":97,"column":2},"end":{"line":97,"column":31}},"36":{"start":{"line":98,"column":2},"end":{"line":98,"column":55}},"37":{"start":{"line":101,"column":2},"end":{"line":101,"column":76}},"38":{"start":{"line":102,"column":2},"end":{"line":102,"column":146}},"39":{"start":{"line":104,"column":2},"end":{"line":104,"column":83}},"40":{"start":{"line":105,"column":2},"end":{"line":105,"column":85}},"41":{"start":{"line":107,"column":2},"end":{"line":107,"column":15}}},"fnMap":{"0":{"name":"fixSingleQuotesPrimesAndApostrophes","decl":{"start":{"line":23,"column":16},"end":{"line":23,"column":51}},"loc":{"start":{"line":23,"column":69},"end":{"line":108,"column":1}},"line":23},"1":{"name":"(anonymous_1)","decl":{"start":{"line":52,"column":30},"end":{"line":52,"column":31}},"loc":{"start":{"line":52,"column":56},"end":{"line":75,"column":3}},"line":52}},"branchMap":{},"s":{"0":69,"1":69,"2":69,"3":69,"4":69,"5":69,"6":69,"7":69,"8":69,"9":69,"10":69,"11":69,"12":69,"13":69,"14":69,"15":69,"16":69,"17":16,"18":16,"19":16,"20":16,"21":16,"22":16,"23":16,"24":16,"25":16,"26":16,"27":16,"28":16,"29":16,"30":69,"31":69,"32":69,"33":69,"34":69,"35":69,"36":69,"37":69,"38":69,"39":69,"40":69,"41":69},"f":{"0":69,"1":16},"b":{},"_coverageSchema":"332fd63041d2c1bcb487cc26dd0d5f7d97098a6c","hash":"e820f0f2c87ef6b68b34e0abdd29f30d3964881a"}
,"/Users/viktorbezdek/Work/frack/react-htmlcontent/src/lib/symbols/copyright.js": {"path":"/Users/viktorbezdek/Work/frack/react-htmlcontent/src/lib/symbols/copyright.js","statementMap":{"0":{"start":{"line":8,"column":16},"end":{"line":8,"column":84}},"1":{"start":{"line":9,"column":11},"end":{"line":9,"column":36}},"2":{"start":{"line":10,"column":20},"end":{"line":10,"column":45}},"3":{"start":{"line":12,"column":2},"end":{"line":12,"column":40}},"4":{"start":{"line":16,"column":2},"end":{"line":16,"column":54}},"5":{"start":{"line":17,"column":2},"end":{"line":17,"column":63}},"6":{"start":{"line":18,"column":2},"end":{"line":18,"column":48}},"7":{"start":{"line":19,"column":2},"end":{"line":19,"column":65}},"8":{"start":{"line":20,"column":2},"end":{"line":20,"column":63}},"9":{"start":{"line":21,"column":2},"end":{"line":21,"column":77}},"10":{"start":{"line":23,"column":2},"end":{"line":23,"column":15}}},"fnMap":{"0":{"name":"replaceCwithCopyright","decl":{"start":{"line":7,"column":9},"end":{"line":7,"column":30}},"loc":{"start":{"line":7,"column":48},"end":{"line":13,"column":1}},"line":7},"1":{"name":"fixCopyright","decl":{"start":{"line":15,"column":16},"end":{"line":15,"column":28}},"loc":{"start":{"line":15,"column":46},"end":{"line":24,"column":1}},"line":15}},"branchMap":{},"s":{"0":45,"1":45,"2":45,"3":45,"4":45,"5":45,"6":45,"7":45,"8":45,"9":45,"10":45},"f":{"0":45,"1":45},"b":{},"_coverageSchema":"332fd63041d2c1bcb487cc26dd0d5f7d97098a6c","hash":"f59523c9acb0dcbf850f21c4c2cfb6e35c1176d2"}
,"/Users/viktorbezdek/Work/frack/react-htmlcontent/src/lib/symbols/exponents.js": {"path":"/Users/viktorbezdek/Work/frack/react-htmlcontent/src/lib/symbols/exponents.js","statementMap":{"0":{"start":{"line":2,"column":22},"end":{"line":2,"column":88}},"1":{"start":{"line":3,"column":16},"end":{"line":3,"column":107}},"2":{"start":{"line":4,"column":11},"end":{"line":4,"column":35}},"3":{"start":{"line":5,"column":20},"end":{"line":5,"column":42}},"4":{"start":{"line":6,"column":2},"end":{"line":6,"column":40}},"5":{"start":{"line":10,"column":2},"end":{"line":10,"column":46}},"6":{"start":{"line":14,"column":2},"end":{"line":14,"column":46}},"7":{"start":{"line":18,"column":2},"end":{"line":18,"column":37}},"8":{"start":{"line":19,"column":2},"end":{"line":19,"column":35}},"9":{"start":{"line":20,"column":2},"end":{"line":20,"column":15}}},"fnMap":{"0":{"name":"fixExponent","decl":{"start":{"line":1,"column":9},"end":{"line":1,"column":20}},"loc":{"start":{"line":1,"column":71},"end":{"line":7,"column":1}},"line":1},"1":{"name":"fixSquares","decl":{"start":{"line":9,"column":16},"end":{"line":9,"column":26}},"loc":{"start":{"line":9,"column":44},"end":{"line":11,"column":1}},"line":9},"2":{"name":"fixCubes","decl":{"start":{"line":13,"column":16},"end":{"line":13,"column":24}},"loc":{"start":{"line":13,"column":42},"end":{"line":15,"column":1}},"line":13},"3":{"name":"fixExponents","decl":{"start":{"line":17,"column":16},"end":{"line":17,"column":28}},"loc":{"start":{"line":17,"column":46},"end":{"line":21,"column":1}},"line":17}},"branchMap":{},"s":{"0":208,"1":208,"2":208,"3":208,"4":208,"5":104,"6":104,"7":81,"8":81,"9":81},"f":{"0":208,"1":104,"2":104,"3":81},"b":{},"_coverageSchema":"332fd63041d2c1bcb487cc26dd0d5f7d97098a6c","hash":"0aa420ecffa76e43a4115445ad27a9c23942de3c"}
,"/Users/viktorbezdek/Work/frack/react-htmlcontent/src/lib/symbols/multiplication-sign.js": {"path":"/Users/viktorbezdek/Work/frack/react-htmlcontent/src/lib/symbols/multiplication-sign.js","statementMap":{"0":{"start":{"line":3,"column":16},"end":{"line":3,"column":174}},"1":{"start":{"line":4,"column":11},"end":{"line":4,"column":36}},"2":{"start":{"line":5,"column":20},"end":{"line":5,"column":61}},"3":{"start":{"line":6,"column":2},"end":{"line":6,"column":42}},"4":{"start":{"line":9,"column":2},"end":{"line":9,"column":98}},"5":{"start":{"line":10,"column":2},"end":{"line":10,"column":32}},"6":{"start":{"line":11,"column":2},"end":{"line":11,"column":71}},"7":{"start":{"line":12,"column":2},"end":{"line":12,"column":42}},"8":{"start":{"line":15,"column":2},"end":{"line":15,"column":101}},"9":{"start":{"line":16,"column":2},"end":{"line":16,"column":31}},"10":{"start":{"line":17,"column":2},"end":{"line":17,"column":69}},"11":{"start":{"line":18,"column":2},"end":{"line":18,"column":42}},"12":{"start":{"line":20,"column":2},"end":{"line":20,"column":15}}},"fnMap":{"0":{"name":"fixMultiplicationSign","decl":{"start":{"line":1,"column":16},"end":{"line":1,"column":37}},"loc":{"start":{"line":1,"column":55},"end":{"line":21,"column":1}},"line":1}},"branchMap":{},"s":{"0":48,"1":48,"2":48,"3":48,"4":48,"5":48,"6":48,"7":48,"8":48,"9":48,"10":48,"11":48,"12":48},"f":{"0":48},"b":{},"_coverageSchema":"332fd63041d2c1bcb487cc26dd0d5f7d97098a6c","hash":"e64d43f23ca0ba60051a749d901f62e0f4f24a2a"}
,"/Users/viktorbezdek/Work/frack/react-htmlcontent/src/lib/symbols/plus-minus.js": {"path":"/Users/viktorbezdek/Work/frack/react-htmlcontent/src/lib/symbols/plus-minus.js","statementMap":{"0":{"start":{"line":4,"column":16},"end":{"line":4,"column":35}},"1":{"start":{"line":5,"column":11},"end":{"line":5,"column":35}},"2":{"start":{"line":6,"column":20},"end":{"line":6,"column":36}},"3":{"start":{"line":8,"column":2},"end":{"line":8,"column":40}}},"fnMap":{"0":{"name":"fixPlusMinus","decl":{"start":{"line":3,"column":16},"end":{"line":3,"column":28}},"loc":{"start":{"line":3,"column":46},"end":{"line":9,"column":1}},"line":3}},"branchMap":{},"s":{"0":37,"1":37,"2":37,"3":37},"f":{"0":37},"b":{},"_coverageSchema":"332fd63041d2c1bcb487cc26dd0d5f7d97098a6c","hash":"49f72d4ab5fb67a91c80fcb09f939ff2dc19491a"}
,"/Users/viktorbezdek/Work/frack/react-htmlcontent/src/lib/symbols/registered-trademark.js": {"path":"/Users/viktorbezdek/Work/frack/react-htmlcontent/src/lib/symbols/registered-trademark.js","statementMap":{"0":{"start":{"line":8,"column":16},"end":{"line":8,"column":98}},"1":{"start":{"line":9,"column":11},"end":{"line":9,"column":36}},"2":{"start":{"line":10,"column":20},"end":{"line":10,"column":53}},"3":{"start":{"line":12,"column":2},"end":{"line":12,"column":40}},"4":{"start":{"line":16,"column":2},"end":{"line":16,"column":54}},"5":{"start":{"line":17,"column":2},"end":{"line":17,"column":63}},"6":{"start":{"line":18,"column":2},"end":{"line":18,"column":58}},"7":{"start":{"line":20,"column":2},"end":{"line":20,"column":15}}},"fnMap":{"0":{"name":"replaceRwithRegisteredTrademark","decl":{"start":{"line":7,"column":9},"end":{"line":7,"column":40}},"loc":{"start":{"line":7,"column":58},"end":{"line":13,"column":1}},"line":7},"1":{"name":"fixRegisteredTrademark","decl":{"start":{"line":15,"column":16},"end":{"line":15,"column":38}},"loc":{"start":{"line":15,"column":56},"end":{"line":21,"column":1}},"line":15}},"branchMap":{},"s":{"0":41,"1":41,"2":41,"3":41,"4":41,"5":41,"6":41,"7":41},"f":{"0":41,"1":41},"b":{},"_coverageSchema":"332fd63041d2c1bcb487cc26dd0d5f7d97098a6c","hash":"2c08c0b9bd8e1c3d575fdc8fb9cbbc886373351a"}
,"/Users/viktorbezdek/Work/frack/react-htmlcontent/src/lib/symbols/section-sign.js": {"path":"/Users/viktorbezdek/Work/frack/react-htmlcontent/src/lib/symbols/section-sign.js","statementMap":{"0":{"start":{"line":2,"column":16},"end":{"line":2,"column":118}},"1":{"start":{"line":3,"column":11},"end":{"line":3,"column":35}},"2":{"start":{"line":4,"column":20},"end":{"line":4,"column":46}},"3":{"start":{"line":6,"column":2},"end":{"line":6,"column":40}},"4":{"start":{"line":10,"column":16},"end":{"line":10,"column":93}},"5":{"start":{"line":11,"column":11},"end":{"line":11,"column":35}},"6":{"start":{"line":12,"column":20},"end":{"line":12,"column":45}},"7":{"start":{"line":14,"column":2},"end":{"line":14,"column":40}},"8":{"start":{"line":18,"column":16},"end":{"line":18,"column":71}},"9":{"start":{"line":19,"column":11},"end":{"line":19,"column":35}},"10":{"start":{"line":20,"column":20},"end":{"line":20,"column":38}},"11":{"start":{"line":22,"column":2},"end":{"line":22,"column":40}},"12":{"start":{"line":26,"column":2},"end":{"line":26,"column":52}},"13":{"start":{"line":27,"column":2},"end":{"line":27,"column":50}},"14":{"start":{"line":28,"column":2},"end":{"line":28,"column":56}},"15":{"start":{"line":30,"column":2},"end":{"line":30,"column":15}}},"fnMap":{"0":{"name":"addSpaceBeforeSectionSign","decl":{"start":{"line":1,"column":9},"end":{"line":1,"column":34}},"loc":{"start":{"line":1,"column":52},"end":{"line":7,"column":1}},"line":1},"1":{"name":"addNbspAfterSectionSign","decl":{"start":{"line":9,"column":9},"end":{"line":9,"column":32}},"loc":{"start":{"line":9,"column":50},"end":{"line":15,"column":1}},"line":9},"2":{"name":"replaceSpacesAfterSectionSign","decl":{"start":{"line":17,"column":9},"end":{"line":17,"column":38}},"loc":{"start":{"line":17,"column":56},"end":{"line":23,"column":1}},"line":17},"3":{"name":"fixSectionSign","decl":{"start":{"line":25,"column":16},"end":{"line":25,"column":30}},"loc":{"start":{"line":25,"column":48},"end":{"line":31,"column":1}},"line":25}},"branchMap":{},"s":{"0":45,"1":45,"2":45,"3":45,"4":45,"5":45,"6":45,"7":45,"8":45,"9":45,"10":45,"11":45,"12":45,"13":45,"14":45,"15":45},"f":{"0":45,"1":45,"2":45,"3":45},"b":{},"_coverageSchema":"332fd63041d2c1bcb487cc26dd0d5f7d97098a6c","hash":"daa504e8f1eeac79781e2243ff74b10216a17b3f"}
,"/Users/viktorbezdek/Work/frack/react-htmlcontent/src/lib/symbols/sound-recording-copyright.js": {"path":"/Users/viktorbezdek/Work/frack/react-htmlcontent/src/lib/symbols/sound-recording-copyright.js","statementMap":{"0":{"start":{"line":6,"column":16},"end":{"line":6,"column":84}},"1":{"start":{"line":7,"column":11},"end":{"line":7,"column":36}},"2":{"start":{"line":8,"column":20},"end":{"line":8,"column":59}},"3":{"start":{"line":10,"column":2},"end":{"line":10,"column":40}},"4":{"start":{"line":14,"column":2},"end":{"line":14,"column":48}},"5":{"start":{"line":15,"column":2},"end":{"line":15,"column":79}},"6":{"start":{"line":16,"column":2},"end":{"line":16,"column":77}},"7":{"start":{"line":17,"column":2},"end":{"line":17,"column":91}},"8":{"start":{"line":19,"column":2},"end":{"line":19,"column":15}}},"fnMap":{"0":{"name":"replaceCwithCopyright","decl":{"start":{"line":5,"column":9},"end":{"line":5,"column":30}},"loc":{"start":{"line":5,"column":48},"end":{"line":11,"column":1}},"line":5},"1":{"name":"fixSoundRecordingCopyright","decl":{"start":{"line":13,"column":16},"end":{"line":13,"column":42}},"loc":{"start":{"line":13,"column":60},"end":{"line":20,"column":1}},"line":13}},"branchMap":{},"s":{"0":44,"1":44,"2":44,"3":44,"4":44,"5":44,"6":44,"7":44,"8":44},"f":{"0":44,"1":44},"b":{},"_coverageSchema":"332fd63041d2c1bcb487cc26dd0d5f7d97098a6c","hash":"038fba864cb07a86c7f75b36763b79c5c81c24ca"}
,"/Users/viktorbezdek/Work/frack/react-htmlcontent/src/lib/symbols/trademark.js": {"path":"/Users/viktorbezdek/Work/frack/react-htmlcontent/src/lib/symbols/trademark.js","statementMap":{"0":{"start":{"line":5,"column":16},"end":{"line":5,"column":79}},"1":{"start":{"line":6,"column":11},"end":{"line":6,"column":36}},"2":{"start":{"line":7,"column":20},"end":{"line":7,"column":36}},"3":{"start":{"line":9,"column":2},"end":{"line":9,"column":40}},"4":{"start":{"line":13,"column":2},"end":{"line":13,"column":54}},"5":{"start":{"line":14,"column":2},"end":{"line":14,"column":63}},"6":{"start":{"line":15,"column":2},"end":{"line":15,"column":49}},"7":{"start":{"line":17,"column":2},"end":{"line":17,"column":15}}},"fnMap":{"0":{"name":"replaceTMwithTrademark","decl":{"start":{"line":4,"column":9},"end":{"line":4,"column":31}},"loc":{"start":{"line":4,"column":49},"end":{"line":10,"column":1}},"line":4},"1":{"name":"fixTrademark","decl":{"start":{"line":12,"column":16},"end":{"line":12,"column":28}},"loc":{"start":{"line":12,"column":46},"end":{"line":18,"column":1}},"line":12}},"branchMap":{},"s":{"0":40,"1":40,"2":40,"3":40,"4":40,"5":40,"6":40,"7":40},"f":{"0":40,"1":40},"b":{},"_coverageSchema":"332fd63041d2c1bcb487cc26dd0d5f7d97098a6c","hash":"359f052fece80abeecf30e687bce7e8a32b6050e"}
,"/Users/viktorbezdek/Work/frack/react-htmlcontent/src/lib/whitespace/lines.js": {"path":"/Users/viktorbezdek/Work/frack/react-htmlcontent/src/lib/whitespace/lines.js","statementMap":{"0":{"start":{"line":8,"column":2},"end":{"line":8,"column":37}}},"fnMap":{"0":{"name":"removeEmptyLines","decl":{"start":{"line":7,"column":16},"end":{"line":7,"column":32}},"loc":{"start":{"line":7,"column":42},"end":{"line":9,"column":1}},"line":7}},"branchMap":{},"s":{"0":36},"f":{"0":36},"b":{},"_coverageSchema":"332fd63041d2c1bcb487cc26dd0d5f7d97098a6c","hash":"847813b4014767d71c61934f388a7e510fb4ad2d"}
,"/Users/viktorbezdek/Work/frack/react-htmlcontent/src/lib/whitespace/nbsp.js": {"path":"/Users/viktorbezdek/Work/frack/react-htmlcontent/src/lib/whitespace/nbsp.js","statementMap":{"0":{"start":{"line":4,"column":16},"end":{"line":4,"column":183}},"1":{"start":{"line":5,"column":11},"end":{"line":5,"column":35}},"2":{"start":{"line":6,"column":2},"end":{"line":6,"column":38}},"3":{"start":{"line":7,"column":2},"end":{"line":7,"column":38}},"4":{"start":{"line":9,"column":2},"end":{"line":9,"column":15}},"5":{"start":{"line":13,"column":16},"end":{"line":13,"column":142}},"6":{"start":{"line":14,"column":11},"end":{"line":14,"column":35}},"7":{"start":{"line":15,"column":20},"end":{"line":15,"column":40}},"8":{"start":{"line":16,"column":2},"end":{"line":16,"column":42}},"9":{"start":{"line":17,"column":2},"end":{"line":17,"column":42}},"10":{"start":{"line":19,"column":2},"end":{"line":19,"column":15}},"11":{"start":{"line":23,"column":16},"end":{"line":23,"column":94}},"12":{"start":{"line":24,"column":11},"end":{"line":24,"column":35}},"13":{"start":{"line":25,"column":20},"end":{"line":25,"column":39}},"14":{"start":{"line":27,"column":2},"end":{"line":27,"column":40}},"15":{"start":{"line":31,"column":16},"end":{"line":31,"column":80}},"16":{"start":{"line":32,"column":11},"end":{"line":32,"column":35}},"17":{"start":{"line":33,"column":20},"end":{"line":33,"column":45}},"18":{"start":{"line":35,"column":2},"end":{"line":35,"column":40}},"19":{"start":{"line":39,"column":16},"end":{"line":39,"column":136}},"20":{"start":{"line":40,"column":11},"end":{"line":40,"column":35}},"21":{"start":{"line":41,"column":20},"end":{"line":41,"column":47}},"22":{"start":{"line":43,"column":2},"end":{"line":43,"column":40}},"23":{"start":{"line":47,"column":16},"end":{"line":47,"column":229}},"24":{"start":{"line":48,"column":11},"end":{"line":48,"column":35}},"25":{"start":{"line":49,"column":20},"end":{"line":49,"column":70}},"26":{"start":{"line":51,"column":2},"end":{"line":51,"column":40}},"27":{"start":{"line":56,"column":2},"end":{"line":62,"column":3}},"28":{"start":{"line":57,"column":18},"end":{"line":57,"column":120}},"29":{"start":{"line":58,"column":13},"end":{"line":58,"column":37}},"30":{"start":{"line":59,"column":22},"end":{"line":59,"column":42}},"31":{"start":{"line":61,"column":4},"end":{"line":61,"column":42}},"32":{"start":{"line":64,"column":2},"end":{"line":64,"column":15}},"33":{"start":{"line":68,"column":16},"end":{"line":68,"column":79}},"34":{"start":{"line":69,"column":11},"end":{"line":69,"column":35}},"35":{"start":{"line":70,"column":20},"end":{"line":70,"column":38}},"36":{"start":{"line":72,"column":2},"end":{"line":72,"column":40}},"37":{"start":{"line":76,"column":16},"end":{"line":76,"column":60}},"38":{"start":{"line":77,"column":11},"end":{"line":77,"column":35}},"39":{"start":{"line":78,"column":20},"end":{"line":78,"column":45}},"40":{"start":{"line":80,"column":2},"end":{"line":80,"column":40}},"41":{"start":{"line":84,"column":16},"end":{"line":84,"column":59}},"42":{"start":{"line":85,"column":11},"end":{"line":85,"column":35}},"43":{"start":{"line":86,"column":20},"end":{"line":86,"column":38}},"44":{"start":{"line":88,"column":2},"end":{"line":88,"column":40}},"45":{"start":{"line":92,"column":22},"end":{"line":92,"column":49}},"46":{"start":{"line":96,"column":2},"end":{"line":102,"column":3}},"47":{"start":{"line":97,"column":18},"end":{"line":97,"column":193}},"48":{"start":{"line":98,"column":13},"end":{"line":98,"column":38}},"49":{"start":{"line":99,"column":22},"end":{"line":99,"column":54}},"50":{"start":{"line":101,"column":4},"end":{"line":101,"column":44}},"51":{"start":{"line":106,"column":2},"end":{"line":112,"column":3}},"52":{"start":{"line":107,"column":18},"end":{"line":107,"column":198}},"53":{"start":{"line":108,"column":13},"end":{"line":108,"column":38}},"54":{"start":{"line":109,"column":22},"end":{"line":109,"column":54}},"55":{"start":{"line":111,"column":4},"end":{"line":111,"column":44}},"56":{"start":{"line":114,"column":2},"end":{"line":114,"column":45}},"57":{"start":{"line":124,"column":2},"end":{"line":124,"column":58}},"58":{"start":{"line":125,"column":2},"end":{"line":125,"column":50}},"59":{"start":{"line":126,"column":2},"end":{"line":126,"column":48}},"60":{"start":{"line":127,"column":2},"end":{"line":127,"column":53}},"61":{"start":{"line":128,"column":2},"end":{"line":128,"column":52}},"62":{"start":{"line":129,"column":2},"end":{"line":129,"column":51}},"63":{"start":{"line":130,"column":2},"end":{"line":130,"column":51}},"64":{"start":{"line":131,"column":2},"end":{"line":131,"column":46}},"65":{"start":{"line":132,"column":2},"end":{"line":132,"column":51}},"66":{"start":{"line":134,"column":2},"end":{"line":134,"column":15}}},"fnMap":{"0":{"name":"removeNbspBetweenMultiCharWords","decl":{"start":{"line":3,"column":16},"end":{"line":3,"column":47}},"loc":{"start":{"line":3,"column":65},"end":{"line":10,"column":1}},"line":3},"1":{"name":"addNbspAfterPreposition","decl":{"start":{"line":12,"column":16},"end":{"line":12,"column":39}},"loc":{"start":{"line":12,"column":57},"end":{"line":20,"column":1}},"line":12},"2":{"name":"addNbspAfterAmpersand","decl":{"start":{"line":22,"column":16},"end":{"line":22,"column":37}},"loc":{"start":{"line":22,"column":55},"end":{"line":28,"column":1}},"line":22},"3":{"name":"addNbspAfterCardinalNumber","decl":{"start":{"line":30,"column":16},"end":{"line":30,"column":42}},"loc":{"start":{"line":30,"column":60},"end":{"line":36,"column":1}},"line":30},"4":{"name":"addNbspAfterOrdinalNumber","decl":{"start":{"line":38,"column":16},"end":{"line":38,"column":41}},"loc":{"start":{"line":38,"column":59},"end":{"line":44,"column":1}},"line":38},"5":{"name":"addNbspWithinOrdinalDate","decl":{"start":{"line":46,"column":16},"end":{"line":46,"column":40}},"loc":{"start":{"line":46,"column":58},"end":{"line":52,"column":1}},"line":46},"6":{"name":"addNbspAfterRomanNumeral","decl":{"start":{"line":54,"column":16},"end":{"line":54,"column":40}},"loc":{"start":{"line":54,"column":58},"end":{"line":65,"column":1}},"line":54},"7":{"name":"addNbspAfterInitial","decl":{"start":{"line":67,"column":16},"end":{"line":67,"column":35}},"loc":{"start":{"line":67,"column":53},"end":{"line":73,"column":1}},"line":67},"8":{"name":"addNbspAfterSymbol","decl":{"start":{"line":75,"column":16},"end":{"line":75,"column":34}},"loc":{"start":{"line":75,"column":60},"end":{"line":81,"column":1}},"line":75},"9":{"name":"replaceSpacesWithNbspAfterSymbol","decl":{"start":{"line":83,"column":16},"end":{"line":83,"column":48}},"loc":{"start":{"line":83,"column":74},"end":{"line":89,"column":1}},"line":83},"10":{"name":"addNbspAfterAbbreviation","decl":{"start":{"line":91,"column":16},"end":{"line":91,"column":40}},"loc":{"start":{"line":91,"column":58},"end":{"line":115,"column":1}},"line":91},"11":{"name":"fixNbsp","decl":{"start":{"line":123,"column":16},"end":{"line":123,"column":23}},"loc":{"start":{"line":123,"column":41},"end":{"line":135,"column":1}},"line":123}},"branchMap":{"0":{"loc":{"start":{"line":56,"column":2},"end":{"line":62,"column":3}},"type":"if","locations":[{"start":{"line":56,"column":2},"end":{"line":62,"column":3}},{"start":{"line":56,"column":2},"end":{"line":62,"column":3}}],"line":56}},"s":{"0":117,"1":117,"2":117,"3":117,"4":117,"5":122,"6":122,"7":122,"8":122,"9":122,"10":122,"11":113,"12":113,"13":113,"14":113,"15":114,"16":114,"17":114,"18":114,"19":136,"20":136,"21":136,"22":136,"23":121,"24":121,"25":121,"26":121,"27":136,"28":75,"29":75,"30":75,"31":75,"32":61,"33":114,"34":114,"35":114,"36":114,"37":91,"38":91,"39":91,"40":91,"41":92,"42":92,"43":92,"44":92,"45":129,"46":129,"47":2451,"48":2451,"49":2451,"50":2451,"51":129,"52":2451,"53":2451,"54":2451,"55":2451,"56":129,"57":112,"58":112,"59":112,"60":112,"61":112,"62":112,"63":112,"64":112,"65":112,"66":112},"f":{"0":117,"1":122,"2":113,"3":114,"4":136,"5":121,"6":136,"7":114,"8":91,"9":92,"10":129,"11":112},"b":{"0":[75,61]},"_coverageSchema":"332fd63041d2c1bcb487cc26dd0d5f7d97098a6c","hash":"38fd7de0fcd4f8ba60269ee640e59d4eae5d93c3"}
,"/Users/viktorbezdek/Work/frack/react-htmlcontent/src/lib/whitespace/spaces.js": {"path":"/Users/viktorbezdek/Work/frack/react-htmlcontent/src/lib/whitespace/spaces.js","statementMap":{"0":{"start":{"line":2,"column":16},"end":{"line":2,"column":45}},"1":{"start":{"line":3,"column":11},"end":{"line":3,"column":35}},"2":{"start":{"line":4,"column":2},"end":{"line":4,"column":32}},"3":{"start":{"line":24,"column":14},"end":{"line":24,"column":35}},"4":{"start":{"line":27,"column":2},"end":{"line":29,"column":3}},"5":{"start":{"line":28,"column":4},"end":{"line":28,"column":43}},"6":{"start":{"line":32,"column":2},"end":{"line":32,"column":25}},"7":{"start":{"line":36,"column":16},"end":{"line":36,"column":99}},"8":{"start":{"line":37,"column":11},"end":{"line":37,"column":35}},"9":{"start":{"line":38,"column":2},"end":{"line":38,"column":35}},"10":{"start":{"line":42,"column":16},"end":{"line":42,"column":122}},"11":{"start":{"line":43,"column":11},"end":{"line":43,"column":35}},"12":{"start":{"line":44,"column":2},"end":{"line":44,"column":33}},"13":{"start":{"line":48,"column":16},"end":{"line":48,"column":77}},"14":{"start":{"line":49,"column":11},"end":{"line":49,"column":35}},"15":{"start":{"line":50,"column":2},"end":{"line":50,"column":33}},"16":{"start":{"line":54,"column":16},"end":{"line":54,"column":166}},"17":{"start":{"line":55,"column":11},"end":{"line":55,"column":35}},"18":{"start":{"line":56,"column":2},"end":{"line":56,"column":38}},"19":{"start":{"line":60,"column":16},"end":{"line":60,"column":199}},"20":{"start":{"line":61,"column":11},"end":{"line":61,"column":35}},"21":{"start":{"line":62,"column":2},"end":{"line":62,"column":38}},"22":{"start":{"line":66,"column":2},"end":{"line":66,"column":22}},"23":{"start":{"line":70,"column":16},"end":{"line":70,"column":85}},"24":{"start":{"line":71,"column":11},"end":{"line":71,"column":35}},"25":{"start":{"line":72,"column":20},"end":{"line":72,"column":46}},"26":{"start":{"line":74,"column":2},"end":{"line":74,"column":40}},"27":{"start":{"line":78,"column":2},"end":{"line":78,"column":47}},"28":{"start":{"line":79,"column":2},"end":{"line":79,"column":55}},"29":{"start":{"line":80,"column":2},"end":{"line":80,"column":68}},"30":{"start":{"line":81,"column":2},"end":{"line":81,"column":63}},"31":{"start":{"line":82,"column":2},"end":{"line":82,"column":54}},"32":{"start":{"line":83,"column":2},"end":{"line":83,"column":52}},"33":{"start":{"line":84,"column":2},"end":{"line":84,"column":51}},"34":{"start":{"line":85,"column":2},"end":{"line":85,"column":47}},"35":{"start":{"line":86,"column":2},"end":{"line":86,"column":15}}},"fnMap":{"0":{"name":"removeMultipleSpaces","decl":{"start":{"line":1,"column":16},"end":{"line":1,"column":36}},"loc":{"start":{"line":1,"column":54},"end":{"line":5,"column":1}},"line":1},"1":{"name":"removeSpacesAtParagraphStart","decl":{"start":{"line":22,"column":16},"end":{"line":22,"column":44}},"loc":{"start":{"line":22,"column":62},"end":{"line":33,"column":1}},"line":22},"2":{"name":"removeSpaceBeforeSentencePausePunctuation","decl":{"start":{"line":35,"column":16},"end":{"line":35,"column":57}},"loc":{"start":{"line":35,"column":75},"end":{"line":39,"column":1}},"line":35},"3":{"name":"removeSpaceBeforeTerminalPunctuation","decl":{"start":{"line":41,"column":16},"end":{"line":41,"column":52}},"loc":{"start":{"line":41,"column":70},"end":{"line":45,"column":1}},"line":41},"4":{"name":"removeSpaceAfterPunctuation","decl":{"start":{"line":47,"column":16},"end":{"line":47,"column":43}},"loc":{"start":{"line":47,"column":61},"end":{"line":51,"column":1}},"line":47},"5":{"name":"addSpaceBeforePunctuation","decl":{"start":{"line":53,"column":16},"end":{"line":53,"column":41}},"loc":{"start":{"line":53,"column":59},"end":{"line":57,"column":1}},"line":53},"6":{"name":"addSpaceAfterPunctuation","decl":{"start":{"line":59,"column":16},"end":{"line":59,"column":40}},"loc":{"start":{"line":59,"column":58},"end":{"line":63,"column":1}},"line":59},"7":{"name":"removeTrailingSpaces","decl":{"start":{"line":65,"column":16},"end":{"line":65,"column":36}},"loc":{"start":{"line":65,"column":54},"end":{"line":67,"column":1}},"line":65},"8":{"name":"addSpaceBeforeSymbol","decl":{"start":{"line":69,"column":16},"end":{"line":69,"column":36}},"loc":{"start":{"line":69,"column":62},"end":{"line":75,"column":1}},"line":69},"9":{"name":"fixSpaces","decl":{"start":{"line":77,"column":16},"end":{"line":77,"column":25}},"loc":{"start":{"line":77,"column":43},"end":{"line":87,"column":1}},"line":77}},"branchMap":{},"s":{"0":42,"1":42,"2":42,"3":46,"4":46,"5":47,"6":46,"7":44,"8":44,"9":44,"10":171,"11":171,"12":171,"13":163,"14":163,"15":163,"16":38,"17":38,"18":38,"19":47,"20":47,"21":47,"22":269,"23":92,"24":92,"25":92,"26":92,"27":35,"28":35,"29":35,"30":35,"31":35,"32":35,"33":35,"34":35,"35":35},"f":{"0":42,"1":46,"2":44,"3":171,"4":163,"5":38,"6":47,"7":269,"8":92,"9":35},"b":{},"_coverageSchema":"332fd63041d2c1bcb487cc26dd0d5f7d97098a6c","hash":"116689ac53c0359ef2ff8becb0e1cbe97b27a13c"}
,"/Users/viktorbezdek/Work/frack/react-htmlcontent/src/lib/words/abbreviations.js": {"path":"/Users/viktorbezdek/Work/frack/react-htmlcontent/src/lib/words/abbreviations.js","statementMap":{"0":{"start":{"line":21,"column":22},"end":{"line":21,"column":34}},"1":{"start":{"line":22,"column":2},"end":{"line":28,"column":3}},"2":{"start":{"line":24,"column":18},"end":{"line":24,"column":360}},"3":{"start":{"line":25,"column":13},"end":{"line":25,"column":38}},"4":{"start":{"line":26,"column":22},"end":{"line":26,"column":64}},"5":{"start":{"line":27,"column":4},"end":{"line":27,"column":44}},"6":{"start":{"line":31,"column":2},"end":{"line":31,"column":30}},"7":{"start":{"line":32,"column":2},"end":{"line":38,"column":3}},"8":{"start":{"line":34,"column":18},"end":{"line":34,"column":233}},"9":{"start":{"line":35,"column":13},"end":{"line":35,"column":38}},"10":{"start":{"line":36,"column":22},"end":{"line":36,"column":63}},"11":{"start":{"line":37,"column":4},"end":{"line":37,"column":44}},"12":{"start":{"line":41,"column":2},"end":{"line":41,"column":30}},"13":{"start":{"line":42,"column":2},"end":{"line":48,"column":3}},"14":{"start":{"line":44,"column":18},"end":{"line":44,"column":312}},"15":{"start":{"line":45,"column":13},"end":{"line":45,"column":38}},"16":{"start":{"line":46,"column":22},"end":{"line":46,"column":64}},"17":{"start":{"line":47,"column":4},"end":{"line":47,"column":44}},"18":{"start":{"line":51,"column":2},"end":{"line":51,"column":30}},"19":{"start":{"line":52,"column":2},"end":{"line":57,"column":3}},"20":{"start":{"line":53,"column":18},"end":{"line":53,"column":174}},"21":{"start":{"line":54,"column":13},"end":{"line":54,"column":38}},"22":{"start":{"line":55,"column":22},"end":{"line":55,"column":65}},"23":{"start":{"line":56,"column":4},"end":{"line":56,"column":44}},"24":{"start":{"line":63,"column":2},"end":{"line":63,"column":42}},"25":{"start":{"line":64,"column":2},"end":{"line":76,"column":3}},"26":{"start":{"line":66,"column":18},"end":{"line":66,"column":90}},"27":{"start":{"line":67,"column":13},"end":{"line":67,"column":37}},"28":{"start":{"line":68,"column":22},"end":{"line":68,"column":45}},"29":{"start":{"line":69,"column":4},"end":{"line":69,"column":44}},"30":{"start":{"line":72,"column":4},"end":{"line":72,"column":112}},"31":{"start":{"line":73,"column":4},"end":{"line":73,"column":33}},"32":{"start":{"line":74,"column":4},"end":{"line":74,"column":41}},"33":{"start":{"line":75,"column":4},"end":{"line":75,"column":44}},"34":{"start":{"line":82,"column":2},"end":{"line":87,"column":3}},"35":{"start":{"line":83,"column":18},"end":{"line":83,"column":56}},"36":{"start":{"line":84,"column":13},"end":{"line":84,"column":37}},"37":{"start":{"line":85,"column":22},"end":{"line":85,"column":75}},"38":{"start":{"line":86,"column":4},"end":{"line":86,"column":44}},"39":{"start":{"line":90,"column":2},"end":{"line":90,"column":47}},"40":{"start":{"line":91,"column":2},"end":{"line":91,"column":44}},"41":{"start":{"line":93,"column":2},"end":{"line":93,"column":15}},"42":{"start":{"line":97,"column":2},"end":{"line":97,"column":36}}},"fnMap":{"0":{"name":"fixEgIeAmPm","decl":{"start":{"line":19,"column":16},"end":{"line":19,"column":27}},"loc":{"start":{"line":19,"column":45},"end":{"line":94,"column":1}},"line":19},"1":{"name":"fixAbbreviations","decl":{"start":{"line":96,"column":16},"end":{"line":96,"column":32}},"loc":{"start":{"line":96,"column":50},"end":{"line":98,"column":1}},"line":96}},"branchMap":{},"s":{"0":99,"1":99,"2":198,"3":198,"4":198,"5":198,"6":99,"7":99,"8":198,"9":198,"10":198,"11":198,"12":99,"13":99,"14":198,"15":198,"16":198,"17":198,"18":99,"19":99,"20":198,"21":198,"22":198,"23":198,"24":99,"25":99,"26":396,"27":396,"28":396,"29":396,"30":396,"31":396,"32":396,"33":396,"34":99,"35":396,"36":396,"37":396,"38":396,"39":99,"40":99,"41":99,"42":35},"f":{"0":99,"1":35},"b":{},"_coverageSchema":"332fd63041d2c1bcb487cc26dd0d5f7d97098a6c","hash":"688b438da37febc2be9646bf32558c906a0b4b97"}
,"/Users/viktorbezdek/Work/frack/react-htmlcontent/src/lib/words/case.js": {"path":"/Users/viktorbezdek/Work/frack/react-htmlcontent/src/lib/words/case.js","statementMap":{"0":{"start":{"line":17,"column":16},"end":{"line":17,"column":121}},"1":{"start":{"line":18,"column":11},"end":{"line":18,"column":35}},"2":{"start":{"line":20,"column":2},"end":{"line":22,"column":4}},"3":{"start":{"line":21,"column":4},"end":{"line":21,"column":71}},"4":{"start":{"line":28,"column":2},"end":{"line":28,"column":79}},"5":{"start":{"line":29,"column":2},"end":{"line":29,"column":31}},"6":{"start":{"line":30,"column":2},"end":{"line":32,"column":4}},"7":{"start":{"line":31,"column":4},"end":{"line":31,"column":71}},"8":{"start":{"line":35,"column":2},"end":{"line":35,"column":89}},"9":{"start":{"line":36,"column":2},"end":{"line":36,"column":31}},"10":{"start":{"line":37,"column":2},"end":{"line":39,"column":4}},"11":{"start":{"line":38,"column":4},"end":{"line":38,"column":39}},"12":{"start":{"line":41,"column":2},"end":{"line":41,"column":15}}},"fnMap":{"0":{"name":"fixCase","decl":{"start":{"line":15,"column":16},"end":{"line":15,"column":23}},"loc":{"start":{"line":15,"column":41},"end":{"line":42,"column":1}},"line":15},"1":{"name":"(anonymous_1)","decl":{"start":{"line":20,"column":30},"end":{"line":20,"column":31}},"loc":{"start":{"line":20,"column":56},"end":{"line":22,"column":3}},"line":20},"2":{"name":"(anonymous_2)","decl":{"start":{"line":30,"column":30},"end":{"line":30,"column":31}},"loc":{"start":{"line":30,"column":48},"end":{"line":32,"column":3}},"line":30},"3":{"name":"(anonymous_3)","decl":{"start":{"line":37,"column":30},"end":{"line":37,"column":31}},"loc":{"start":{"line":37,"column":60},"end":{"line":39,"column":3}},"line":37}},"branchMap":{},"s":{"0":47,"1":47,"2":47,"3":1,"4":47,"5":47,"6":47,"7":2,"8":47,"9":47,"10":47,"11":4,"12":47},"f":{"0":47,"1":1,"2":2,"3":4},"b":{},"_coverageSchema":"332fd63041d2c1bcb487cc26dd0d5f7d97098a6c","hash":"c10b3af3636bfb82df3eaf4f4559f99366d250eb"}
,"/Users/viktorbezdek/Work/frack/react-htmlcontent/src/lib/words/exceptions.js": {"path":"/Users/viktorbezdek/Work/frack/react-htmlcontent/src/lib/words/exceptions.js","statementMap":{"0":{"start":{"line":1,"column":17},"end":{"line":1,"column":19}},"1":{"start":{"line":16,"column":2},"end":{"line":16,"column":58}},"2":{"start":{"line":19,"column":2},"end":{"line":19,"column":52}},"3":{"start":{"line":22,"column":2},"end":{"line":25,"column":3}},"4":{"start":{"line":23,"column":22},"end":{"line":23,"column":55}},"5":{"start":{"line":24,"column":4},"end":{"line":24,"column":55}},"6":{"start":{"line":27,"column":2},"end":{"line":27,"column":15}},"7":{"start":{"line":38,"column":11},"end":{"line":38,"column":35}},"8":{"start":{"line":39,"column":27},"end":{"line":39,"column":43}},"9":{"start":{"line":40,"column":2},"end":{"line":42,"column":3}},"10":{"start":{"line":41,"column":4},"end":{"line":41,"column":54}},"11":{"start":{"line":54,"column":2},"end":{"line":59,"column":3}},"12":{"start":{"line":55,"column":18},"end":{"line":55,"column":51}},"13":{"start":{"line":56,"column":13},"end":{"line":56,"column":37}},"14":{"start":{"line":57,"column":22},"end":{"line":57,"column":35}},"15":{"start":{"line":58,"column":4},"end":{"line":58,"column":44}},"16":{"start":{"line":61,"column":2},"end":{"line":61,"column":15}}},"fnMap":{"0":{"name":"excludeExceptions","decl":{"start":{"line":14,"column":16},"end":{"line":14,"column":33}},"loc":{"start":{"line":14,"column":51},"end":{"line":28,"column":1}},"line":14},"1":{"name":"identifyExceptionSet","decl":{"start":{"line":37,"column":9},"end":{"line":37,"column":29}},"loc":{"start":{"line":37,"column":48},"end":{"line":43,"column":1}},"line":37},"2":{"name":"placeExceptions","decl":{"start":{"line":53,"column":16},"end":{"line":53,"column":31}},"loc":{"start":{"line":53,"column":41},"end":{"line":62,"column":1}},"line":53}},"branchMap":{"0":{"loc":{"start":{"line":40,"column":2},"end":{"line":42,"column":3}},"type":"if","locations":[{"start":{"line":40,"column":2},"end":{"line":42,"column":3}},{"start":{"line":40,"column":2},"end":{"line":42,"column":3}}],"line":40}},"s":{"0":2,"1":35,"2":35,"3":35,"4":263,"5":263,"6":35,"7":70,"8":70,"9":70,"10":7,"11":35,"12":263,"13":263,"14":263,"15":263,"16":35},"f":{"0":35,"1":70,"2":35},"b":{"0":[7,63]},"_coverageSchema":"332fd63041d2c1bcb487cc26dd0d5f7d97098a6c","hash":"9835cbbaa4dd5400eeff4072b0ad5ea3cff059e9"}
,"/Users/viktorbezdek/Work/frack/react-htmlcontent/src/locale/cs.js": {"path":"/Users/viktorbezdek/Work/frack/react-htmlcontent/src/locale/cs.js","statementMap":{"0":{"start":{"line":1,"column":15},"end":{"line":6,"column":1}},"1":{"start":{"line":8,"column":16},"end":{"line":11,"column":1}},"2":{"start":{"line":13,"column":29},"end":{"line":28,"column":1}}},"fnMap":{},"branchMap":{},"s":{"0":19,"1":19,"2":19},"f":{},"b":{},"_coverageSchema":"332fd63041d2c1bcb487cc26dd0d5f7d97098a6c","hash":"e213f231b9e0b239932140815a591c87ff016a44"}
,"/Users/viktorbezdek/Work/frack/react-htmlcontent/src/locale/en-us.js": {"path":"/Users/viktorbezdek/Work/frack/react-htmlcontent/src/locale/en-us.js","statementMap":{"0":{"start":{"line":1,"column":15},"end":{"line":6,"column":1}},"1":{"start":{"line":8,"column":16},"end":{"line":11,"column":1}},"2":{"start":{"line":13,"column":29},"end":{"line":18,"column":1}}},"fnMap":{},"branchMap":{},"s":{"0":19,"1":19,"2":19},"f":{},"b":{},"_coverageSchema":"332fd63041d2c1bcb487cc26dd0d5f7d97098a6c","hash":"d81ac0d59933739b905eeb994a67e3c61d55fb6d"}
,"/Users/viktorbezdek/Work/frack/react-htmlcontent/src/locale/locale.js": {"path":"/Users/viktorbezdek/Work/frack/react-htmlcontent/src/locale/locale.js","statementMap":{"0":{"start":{"line":8,"column":21},"end":{"line":13,"column":1}},"1":{"start":{"line":17,"column":4},"end":{"line":17,"column":24}},"2":{"start":{"line":20,"column":4},"end":{"line":20,"column":91}},"3":{"start":{"line":21,"column":4},"end":{"line":21,"column":91}},"4":{"start":{"line":22,"column":4},"end":{"line":22,"column":72}},"5":{"start":{"line":23,"column":4},"end":{"line":23,"column":56}},"6":{"start":{"line":24,"column":4},"end":{"line":24,"column":56}},"7":{"start":{"line":25,"column":4},"end":{"line":25,"column":61}},"8":{"start":{"line":38,"column":4},"end":{"line":38,"column":48}},"9":{"start":{"line":39,"column":4},"end":{"line":39,"column":70}},"10":{"start":{"line":40,"column":4},"end":{"line":40,"column":72}},"11":{"start":{"line":41,"column":4},"end":{"line":41,"column":25}},"12":{"start":{"line":42,"column":4},"end":{"line":42,"column":26}},"13":{"start":{"line":43,"column":4},"end":{"line":43,"column":87}},"14":{"start":{"line":44,"column":4},"end":{"line":44,"column":70}},"15":{"start":{"line":45,"column":4},"end":{"line":45,"column":72}},"16":{"start":{"line":46,"column":4},"end":{"line":46,"column":26}},"17":{"start":{"line":49,"column":4},"end":{"line":49,"column":20}},"18":{"start":{"line":50,"column":4},"end":{"line":50,"column":19}},"19":{"start":{"line":51,"column":4},"end":{"line":51,"column":24}},"20":{"start":{"line":52,"column":4},"end":{"line":52,"column":25}},"21":{"start":{"line":53,"column":4},"end":{"line":53,"column":75}},"22":{"start":{"line":56,"column":4},"end":{"line":56,"column":39}},"23":{"start":{"line":57,"column":4},"end":{"line":58,"column":85}},"24":{"start":{"line":59,"column":4},"end":{"line":59,"column":38}},"25":{"start":{"line":60,"column":4},"end":{"line":60,"column":38}},"26":{"start":{"line":61,"column":4},"end":{"line":61,"column":23}},"27":{"start":{"line":62,"column":4},"end":{"line":62,"column":21}},"28":{"start":{"line":63,"column":4},"end":{"line":63,"column":21}},"29":{"start":{"line":64,"column":4},"end":{"line":64,"column":21}},"30":{"start":{"line":65,"column":4},"end":{"line":65,"column":20}},"31":{"start":{"line":68,"column":4},"end":{"line":68,"column":21}},"32":{"start":{"line":69,"column":4},"end":{"line":69,"column":33}},"33":{"start":{"line":70,"column":4},"end":{"line":70,"column":24}},"34":{"start":{"line":71,"column":4},"end":{"line":71,"column":26}},"35":{"start":{"line":72,"column":4},"end":{"line":72,"column":24}},"36":{"start":{"line":73,"column":4},"end":{"line":73,"column":34}},"37":{"start":{"line":74,"column":4},"end":{"line":74,"column":38}},"38":{"start":{"line":75,"column":4},"end":{"line":75,"column":24}},"39":{"start":{"line":76,"column":4},"end":{"line":76,"column":24}},"40":{"start":{"line":82,"column":4},"end":{"line":120,"column":14}},"41":{"start":{"line":125,"column":4},"end":{"line":131,"column":7}},"42":{"start":{"line":134,"column":4},"end":{"line":134,"column":32}},"43":{"start":{"line":135,"column":4},"end":{"line":135,"column":73}},"44":{"start":{"line":136,"column":4},"end":{"line":136,"column":34}},"45":{"start":{"line":137,"column":4},"end":{"line":137,"column":83}},"46":{"start":{"line":140,"column":4},"end":{"line":140,"column":34}},"47":{"start":{"line":143,"column":4},"end":{"line":153,"column":5}},"48":{"start":{"line":144,"column":30},"end":{"line":144,"column":71}},"49":{"start":{"line":146,"column":6},"end":{"line":152,"column":7}},"50":{"start":{"line":147,"column":22},"end":{"line":147,"column":27}},"51":{"start":{"line":148,"column":17},"end":{"line":148,"column":41}},"52":{"start":{"line":149,"column":26},"end":{"line":149,"column":31}},"53":{"start":{"line":150,"column":39},"end":{"line":150,"column":84}},"54":{"start":{"line":151,"column":8},"end":{"line":151,"column":82}}},"fnMap":{"0":{"name":"(anonymous_0)","decl":{"start":{"line":16,"column":2},"end":{"line":16,"column":3}},"loc":{"start":{"line":16,"column":23},"end":{"line":154,"column":3}},"line":16}},"branchMap":{},"s":{"0":19,"1":704,"2":704,"3":704,"4":704,"5":704,"6":704,"7":704,"8":704,"9":704,"10":704,"11":704,"12":704,"13":704,"14":704,"15":704,"16":704,"17":704,"18":704,"19":704,"20":704,"21":704,"22":704,"23":704,"24":704,"25":704,"26":704,"27":704,"28":704,"29":704,"30":704,"31":704,"32":704,"33":704,"34":704,"35":704,"36":704,"37":704,"38":704,"39":704,"40":704,"41":704,"42":704,"43":704,"44":704,"45":704,"46":704,"47":704,"48":2816,"49":2816,"50":22528,"51":22528,"52":22528,"53":22528,"54":22528},"f":{"0":704},"b":{},"_coverageSchema":"332fd63041d2c1bcb487cc26dd0d5f7d97098a6c","hash":"aa21c116a920fce939ccd86a1adcad389bf70275"}
,"/Users/viktorbezdek/Work/frack/react-htmlcontent/src/locale/rue.js": {"path":"/Users/viktorbezdek/Work/frack/react-htmlcontent/src/locale/rue.js","statementMap":{"0":{"start":{"line":1,"column":15},"end":{"line":6,"column":1}},"1":{"start":{"line":8,"column":16},"end":{"line":11,"column":1}},"2":{"start":{"line":13,"column":29},"end":{"line":13,"column":31}}},"fnMap":{},"branchMap":{},"s":{"0":19,"1":19,"2":19},"f":{},"b":{},"_coverageSchema":"332fd63041d2c1bcb487cc26dd0d5f7d97098a6c","hash":"8d19b7cfa98f35ed76953c6b4940d9840525a0ad"}
,"/Users/viktorbezdek/Work/frack/react-htmlcontent/src/locale/sk.js": {"path":"/Users/viktorbezdek/Work/frack/react-htmlcontent/src/locale/sk.js","statementMap":{"0":{"start":{"line":1,"column":15},"end":{"line":6,"column":1}},"1":{"start":{"line":8,"column":16},"end":{"line":11,"column":1}},"2":{"start":{"line":13,"column":29},"end":{"line":28,"column":1}}},"fnMap":{},"branchMap":{},"s":{"0":19,"1":19,"2":19},"f":{},"b":{},"_coverageSchema":"332fd63041d2c1bcb487cc26dd0d5f7d97098a6c","hash":"323d181be143c2d393d0f5cf79101daf341301f2"}
}
