TN:
SF:/Users/viktorbezdek/Work/frack/react-htmlcontent/src/typopo.js
FN:32,fixTypos
FNF:1
FNH:1
FNDA:35,fixTypos
DA:33,35
DA:35,35
DA:37,35
DA:41,35
DA:43,35
DA:44,35
DA:48,35
DA:51,35
DA:54,35
DA:55,35
DA:56,35
DA:57,35
DA:58,35
DA:61,35
DA:62,35
DA:63,35
DA:64,35
DA:65,35
DA:66,35
DA:67,35
DA:68,35
DA:71,35
DA:72,35
DA:75,35
DA:77,35
DA:79,35
LF:26
LH:26
BRDA:33,0,0,0
BRDA:33,0,1,35
BRDA:37,1,0,35
BRDA:37,1,1,0
BRDA:43,2,0,35
BRDA:43,2,1,0
BRF:6
BRH:3
end_of_record
TN:
SF:/Users/viktorbezdek/Work/frack/react-htmlcontent/src/lib/punctuation/dash.js
FN:1,replaceThreeHyphensWithEmDash
FN:5,replaceTwoHyphensWithEnDash
FN:9,replaceSpacedHyphenWithEmDash
FN:16,replaceSpacedEnDashWithEmDash
FN:23,fixSpacesAroundEmDash
FN:50,fixDashBetweenCardinalNumbers
FN:65,fixDashBetweenOrdinalNumbers
FN:79,fixDash
FNF:8
FNH:8
FNDA:63,replaceThreeHyphensWithEmDash
FNDA:63,replaceTwoHyphensWithEnDash
FNDA:63,replaceSpacedHyphenWithEmDash
FNDA:63,replaceSpacedEnDashWithEmDash
FNDA:71,fixSpacesAroundEmDash
FNDA:72,fixDashBetweenCardinalNumbers
FNDA:78,fixDashBetweenOrdinalNumbers
FNDA:62,fixDash
DA:2,63
DA:6,63
DA:10,63
DA:11,63
DA:12,63
DA:13,63
DA:17,63
DA:18,63
DA:19,63
DA:20,63
DA:24,71
DA:25,71
DA:26,71
DA:28,71
DA:30,53
DA:31,53
DA:35,18
DA:36,18
DA:39,71
DA:51,72
DA:52,72
DA:53,72
DA:54,72
DA:66,78
DA:67,78
DA:68,78
DA:70,78
DA:80,62
DA:81,62
DA:82,62
DA:83,62
DA:84,62
DA:85,62
DA:86,62
DA:87,62
LF:35
LH:35
BRDA:28,0,0,53
BRDA:28,0,1,6
BRDA:28,0,2,12
BRDA:28,0,3,18
BRF:4
BRH:4
end_of_record
TN:
SF:/Users/viktorbezdek/Work/frack/react-htmlcontent/src/lib/punctuation/double-quotes.js
FN:28,fixDoubleQuotesAndPrimes
FNF:1
FNH:1
FNDA:101,fixDoubleQuotesAndPrimes
DA:31,101
DA:32,101
DA:33,101
DA:36,101
DA:37,101
DA:38,101
DA:43,101
DA:45,101
DA:48,101
DA:49,101
DA:50,101
DA:53,101
DA:54,101
DA:55,101
DA:58,101
DA:59,101
DA:60,101
DA:63,101
DA:64,101
DA:65,101
DA:76,101
DA:77,101
DA:78,101
DA:81,101
DA:82,101
DA:83,101
DA:100,101
DA:101,101
DA:102,101
DA:111,101
DA:112,101
DA:113,101
DA:116,101
DA:117,101
DA:118,101
DA:121,101
DA:122,101
DA:123,101
DA:127,101
DA:128,101
DA:129,101
DA:131,101
LF:42
LH:42
BRF:0
BRH:0
end_of_record
TN:
SF:/Users/viktorbezdek/Work/frack/react-htmlcontent/src/lib/punctuation/ellipsis.js
FN:7,replacePeriodsWithEllipsis
FN:68,correctSpacesAroundEllipsis
FN:101,fixEllipsis
FNF:3
FNH:3
FNDA:64,replacePeriodsWithEllipsis
FNDA:64,correctSpacesAroundEllipsis
FNDA:64,fixEllipsis
DA:9,64
DA:10,64
DA:11,64
DA:12,64
DA:16,64
DA:17,64
DA:18,64
DA:19,64
DA:22,64
DA:23,64
DA:24,64
DA:25,64
DA:28,64
DA:29,64
DA:30,64
DA:31,64
DA:34,64
DA:35,64
DA:36,64
DA:37,64
DA:39,64
DA:70,64
DA:71,64
DA:72,64
DA:76,64
DA:77,64
DA:78,64
DA:82,64
DA:83,64
DA:84,64
DA:88,64
DA:89,64
DA:90,64
DA:94,64
DA:95,64
DA:96,64
DA:98,64
DA:102,64
DA:103,64
DA:104,64
LF:40
LH:40
BRF:0
BRH:0
end_of_record
TN:
SF:/Users/viktorbezdek/Work/frack/react-htmlcontent/src/lib/punctuation/hyphen.js
FN:1,fixSpaceAroundHyphen
FN:13,fixHyphen
FNF:2
FNH:2
FNDA:45,fixSpaceAroundHyphen
FNDA:40,fixHyphen
DA:2,45
DA:3,45
DA:4,45
DA:6,45
DA:7,45
DA:8,45
DA:10,45
DA:14,40
DA:15,40
LF:9
LH:9
BRF:0
BRH:0
end_of_record
TN:
SF:/Users/viktorbezdek/Work/frack/react-htmlcontent/src/lib/punctuation/period.js
FN:2,removeExtraPeriod
FN:6,fixPeriod
FNF:2
FNH:2
FNDA:136,removeExtraPeriod
FNDA:37,fixPeriod
DA:3,136
DA:7,37
LF:2
LH:2
BRF:0
BRH:0
end_of_record
TN:
SF:/Users/viktorbezdek/Work/frack/react-htmlcontent/src/lib/punctuation/single-quotes.js
FN:23,fixSingleQuotesPrimesAndApostrophes
FN:52,(anonymous_1)
FNF:2
FNH:2
FNDA:69,fixSingleQuotesPrimesAndApostrophes
FNDA:16,(anonymous_1)
DA:25,69
DA:26,69
DA:27,69
DA:31,69
DA:32,69
DA:33,69
DA:34,69
DA:38,69
DA:39,69
DA:40,69
DA:41,69
DA:45,69
DA:46,69
DA:47,69
DA:50,69
DA:51,69
DA:52,69
DA:54,16
DA:55,16
DA:56,16
DA:59,16
DA:60,16
DA:61,16
DA:64,16
DA:65,16
DA:66,16
DA:70,16
DA:71,16
DA:72,16
DA:74,16
DA:80,69
DA:91,69
DA:92,69
DA:93,69
DA:96,69
DA:97,69
DA:98,69
DA:101,69
DA:102,69
DA:104,69
DA:105,69
DA:107,69
LF:42
LH:42
BRF:0
BRH:0
end_of_record
TN:
SF:/Users/viktorbezdek/Work/frack/react-htmlcontent/src/lib/symbols/copyright.js
FN:7,replaceCwithCopyright
FN:15,fixCopyright
FNF:2
FNH:2
FNDA:45,replaceCwithCopyright
FNDA:45,fixCopyright
DA:8,45
DA:9,45
DA:10,45
DA:12,45
DA:16,45
DA:17,45
DA:18,45
DA:19,45
DA:20,45
DA:21,45
DA:23,45
LF:11
LH:11
BRF:0
BRH:0
end_of_record
TN:
SF:/Users/viktorbezdek/Work/frack/react-htmlcontent/src/lib/symbols/exponents.js
FN:1,fixExponent
FN:9,fixSquares
FN:13,fixCubes
FN:17,fixExponents
FNF:4
FNH:4
FNDA:208,fixExponent
FNDA:104,fixSquares
FNDA:104,fixCubes
FNDA:81,fixExponents
DA:2,208
DA:3,208
DA:4,208
DA:5,208
DA:6,208
DA:10,104
DA:14,104
DA:18,81
DA:19,81
DA:20,81
LF:10
LH:10
BRF:0
BRH:0
end_of_record
TN:
SF:/Users/viktorbezdek/Work/frack/react-htmlcontent/src/lib/symbols/multiplication-sign.js
FN:1,fixMultiplicationSign
FNF:1
FNH:1
FNDA:48,fixMultiplicationSign
DA:3,48
DA:4,48
DA:5,48
DA:6,48
DA:9,48
DA:10,48
DA:11,48
DA:12,48
DA:15,48
DA:16,48
DA:17,48
DA:18,48
DA:20,48
LF:13
LH:13
BRF:0
BRH:0
end_of_record
TN:
SF:/Users/viktorbezdek/Work/frack/react-htmlcontent/src/lib/symbols/plus-minus.js
FN:3,fixPlusMinus
FNF:1
FNH:1
FNDA:37,fixPlusMinus
DA:4,37
DA:5,37
DA:6,37
DA:8,37
LF:4
LH:4
BRF:0
BRH:0
end_of_record
TN:
SF:/Users/viktorbezdek/Work/frack/react-htmlcontent/src/lib/symbols/registered-trademark.js
FN:7,replaceRwithRegisteredTrademark
FN:15,fixRegisteredTrademark
FNF:2
FNH:2
FNDA:41,replaceRwithRegisteredTrademark
FNDA:41,fixRegisteredTrademark
DA:8,41
DA:9,41
DA:10,41
DA:12,41
DA:16,41
DA:17,41
DA:18,41
DA:20,41
LF:8
LH:8
BRF:0
BRH:0
end_of_record
TN:
SF:/Users/viktorbezdek/Work/frack/react-htmlcontent/src/lib/symbols/section-sign.js
FN:1,addSpaceBeforeSectionSign
FN:9,addNbspAfterSectionSign
FN:17,replaceSpacesAfterSectionSign
FN:25,fixSectionSign
FNF:4
FNH:4
FNDA:45,addSpaceBeforeSectionSign
FNDA:45,addNbspAfterSectionSign
FNDA:45,replaceSpacesAfterSectionSign
FNDA:45,fixSectionSign
DA:2,45
DA:3,45
DA:4,45
DA:6,45
DA:10,45
DA:11,45
DA:12,45
DA:14,45
DA:18,45
DA:19,45
DA:20,45
DA:22,45
DA:26,45
DA:27,45
DA:28,45
DA:30,45
LF:16
LH:16
BRF:0
BRH:0
end_of_record
TN:
SF:/Users/viktorbezdek/Work/frack/react-htmlcontent/src/lib/symbols/sound-recording-copyright.js
FN:5,replaceCwithCopyright
FN:13,fixSoundRecordingCopyright
FNF:2
FNH:2
FNDA:44,replaceCwithCopyright
FNDA:44,fixSoundRecordingCopyright
DA:6,44
DA:7,44
DA:8,44
DA:10,44
DA:14,44
DA:15,44
DA:16,44
DA:17,44
DA:19,44
LF:9
LH:9
BRF:0
BRH:0
end_of_record
TN:
SF:/Users/viktorbezdek/Work/frack/react-htmlcontent/src/lib/symbols/trademark.js
FN:4,replaceTMwithTrademark
FN:12,fixTrademark
FNF:2
FNH:2
FNDA:40,replaceTMwithTrademark
FNDA:40,fixTrademark
DA:5,40
DA:6,40
DA:7,40
DA:9,40
DA:13,40
DA:14,40
DA:15,40
DA:17,40
LF:8
LH:8
BRF:0
BRH:0
end_of_record
TN:
SF:/Users/viktorbezdek/Work/frack/react-htmlcontent/src/lib/whitespace/lines.js
FN:7,removeEmptyLines
FNF:1
FNH:1
FNDA:36,removeEmptyLines
DA:8,36
LF:1
LH:1
BRF:0
BRH:0
end_of_record
TN:
SF:/Users/viktorbezdek/Work/frack/react-htmlcontent/src/lib/whitespace/nbsp.js
FN:3,removeNbspBetweenMultiCharWords
FN:12,addNbspAfterPreposition
FN:22,addNbspAfterAmpersand
FN:30,addNbspAfterCardinalNumber
FN:38,addNbspAfterOrdinalNumber
FN:46,addNbspWithinOrdinalDate
FN:54,addNbspAfterRomanNumeral
FN:67,addNbspAfterInitial
FN:75,addNbspAfterSymbol
FN:83,replaceSpacesWithNbspAfterSymbol
FN:91,addNbspAfterAbbreviation
FN:123,fixNbsp
FNF:12
FNH:12
FNDA:117,removeNbspBetweenMultiCharWords
FNDA:122,addNbspAfterPreposition
FNDA:113,addNbspAfterAmpersand
FNDA:114,addNbspAfterCardinalNumber
FNDA:136,addNbspAfterOrdinalNumber
FNDA:121,addNbspWithinOrdinalDate
FNDA:136,addNbspAfterRomanNumeral
FNDA:114,addNbspAfterInitial
FNDA:91,addNbspAfterSymbol
FNDA:92,replaceSpacesWithNbspAfterSymbol
FNDA:129,addNbspAfterAbbreviation
FNDA:112,fixNbsp
DA:4,117
DA:5,117
DA:6,117
DA:7,117
DA:9,117
DA:13,122
DA:14,122
DA:15,122
DA:16,122
DA:17,122
DA:19,122
DA:23,113
DA:24,113
DA:25,113
DA:27,113
DA:31,114
DA:32,114
DA:33,114
DA:35,114
DA:39,136
DA:40,136
DA:41,136
DA:43,136
DA:47,121
DA:48,121
DA:49,121
DA:51,121
DA:56,136
DA:57,75
DA:58,75
DA:59,75
DA:61,75
DA:64,61
DA:68,114
DA:69,114
DA:70,114
DA:72,114
DA:76,91
DA:77,91
DA:78,91
DA:80,91
DA:84,92
DA:85,92
DA:86,92
DA:88,92
DA:92,129
DA:96,129
DA:97,2451
DA:98,2451
DA:99,2451
DA:101,2451
DA:106,129
DA:107,2451
DA:108,2451
DA:109,2451
DA:111,2451
DA:114,129
DA:124,112
DA:125,112
DA:126,112
DA:127,112
DA:128,112
DA:129,112
DA:130,112
DA:131,112
DA:132,112
DA:134,112
LF:67
LH:67
BRDA:56,0,0,75
BRDA:56,0,1,61
BRF:2
BRH:2
end_of_record
TN:
SF:/Users/viktorbezdek/Work/frack/react-htmlcontent/src/lib/whitespace/spaces.js
FN:1,removeMultipleSpaces
FN:22,removeSpacesAtParagraphStart
FN:35,removeSpaceBeforeSentencePausePunctuation
FN:41,removeSpaceBeforeTerminalPunctuation
FN:47,removeSpaceAfterPunctuation
FN:53,addSpaceBeforePunctuation
FN:59,addSpaceAfterPunctuation
FN:65,removeTrailingSpaces
FN:69,addSpaceBeforeSymbol
FN:77,fixSpaces
FNF:10
FNH:10
FNDA:42,removeMultipleSpaces
FNDA:46,removeSpacesAtParagraphStart
FNDA:44,removeSpaceBeforeSentencePausePunctuation
FNDA:171,removeSpaceBeforeTerminalPunctuation
FNDA:163,removeSpaceAfterPunctuation
FNDA:38,addSpaceBeforePunctuation
FNDA:47,addSpaceAfterPunctuation
FNDA:269,removeTrailingSpaces
FNDA:92,addSpaceBeforeSymbol
FNDA:35,fixSpaces
DA:2,42
DA:3,42
DA:4,42
DA:24,46
DA:27,46
DA:28,47
DA:32,46
DA:36,44
DA:37,44
DA:38,44
DA:42,171
DA:43,171
DA:44,171
DA:48,163
DA:49,163
DA:50,163
DA:54,38
DA:55,38
DA:56,38
DA:60,47
DA:61,47
DA:62,47
DA:66,269
DA:70,92
DA:71,92
DA:72,92
DA:74,92
DA:78,35
DA:79,35
DA:80,35
DA:81,35
DA:82,35
DA:83,35
DA:84,35
DA:85,35
DA:86,35
LF:36
LH:36
BRF:0
BRH:0
end_of_record
TN:
SF:/Users/viktorbezdek/Work/frack/react-htmlcontent/src/lib/words/abbreviations.js
FN:19,fixEgIeAmPm
FN:96,fixAbbreviations
FNF:2
FNH:2
FNDA:99,fixEgIeAmPm
FNDA:35,fixAbbreviations
DA:21,99
DA:22,99
DA:24,198
DA:25,198
DA:26,198
DA:27,198
DA:31,99
DA:32,99
DA:34,198
DA:35,198
DA:36,198
DA:37,198
DA:41,99
DA:42,99
DA:44,198
DA:45,198
DA:46,198
DA:47,198
DA:51,99
DA:52,99
DA:53,198
DA:54,198
DA:55,198
DA:56,198
DA:63,99
DA:64,99
DA:66,396
DA:67,396
DA:68,396
DA:69,396
DA:72,396
DA:73,396
DA:74,396
DA:75,396
DA:82,99
DA:83,396
DA:84,396
DA:85,396
DA:86,396
DA:90,99
DA:91,99
DA:93,99
DA:97,35
LF:43
LH:43
BRF:0
BRH:0
end_of_record
TN:
SF:/Users/viktorbezdek/Work/frack/react-htmlcontent/src/lib/words/case.js
FN:15,fixCase
FN:20,(anonymous_1)
FN:30,(anonymous_2)
FN:37,(anonymous_3)
FNF:4
FNH:4
FNDA:47,fixCase
FNDA:1,(anonymous_1)
FNDA:2,(anonymous_2)
FNDA:4,(anonymous_3)
DA:17,47
DA:18,47
DA:20,47
DA:21,1
DA:28,47
DA:29,47
DA:30,47
DA:31,2
DA:35,47
DA:36,47
DA:37,47
DA:38,4
DA:41,47
LF:13
LH:13
BRF:0
BRH:0
end_of_record
TN:
SF:/Users/viktorbezdek/Work/frack/react-htmlcontent/src/lib/words/exceptions.js
FN:14,excludeExceptions
FN:37,identifyExceptionSet
FN:53,placeExceptions
FNF:3
FNH:3
FNDA:35,excludeExceptions
FNDA:70,identifyExceptionSet
FNDA:35,placeExceptions
DA:1,2
DA:16,35
DA:19,35
DA:22,35
DA:23,263
DA:24,263
DA:27,35
DA:38,70
DA:39,70
DA:40,70
DA:41,7
DA:54,35
DA:55,263
DA:56,263
DA:57,263
DA:58,263
DA:61,35
LF:17
LH:17
BRDA:40,0,0,7
BRDA:40,0,1,63
BRF:2
BRH:2
end_of_record
TN:
SF:/Users/viktorbezdek/Work/frack/react-htmlcontent/src/locale/cs.js
FNF:0
FNH:0
DA:1,19
DA:8,19
DA:13,19
LF:3
LH:3
BRF:0
BRH:0
end_of_record
TN:
SF:/Users/viktorbezdek/Work/frack/react-htmlcontent/src/locale/en-us.js
FNF:0
FNH:0
DA:1,19
DA:8,19
DA:13,19
LF:3
LH:3
BRF:0
BRH:0
end_of_record
TN:
SF:/Users/viktorbezdek/Work/frack/react-htmlcontent/src/locale/locale.js
FN:16,(anonymous_0)
FNF:1
FNH:1
FNDA:704,(anonymous_0)
DA:8,19
DA:17,704
DA:20,704
DA:21,704
DA:22,704
DA:23,704
DA:24,704
DA:25,704
DA:38,704
DA:39,704
DA:40,704
DA:41,704
DA:42,704
DA:43,704
DA:44,704
DA:45,704
DA:46,704
DA:49,704
DA:50,704
DA:51,704
DA:52,704
DA:53,704
DA:56,704
DA:57,704
DA:59,704
DA:60,704
DA:61,704
DA:62,704
DA:63,704
DA:64,704
DA:65,704
DA:68,704
DA:69,704
DA:70,704
DA:71,704
DA:72,704
DA:73,704
DA:74,704
DA:75,704
DA:76,704
DA:82,704
DA:125,704
DA:134,704
DA:135,704
DA:136,704
DA:137,704
DA:140,704
DA:143,704
DA:144,2816
DA:146,2816
DA:147,22528
DA:148,22528
DA:149,22528
DA:150,22528
DA:151,22528
LF:55
LH:55
BRF:0
BRH:0
end_of_record
TN:
SF:/Users/viktorbezdek/Work/frack/react-htmlcontent/src/locale/rue.js
FNF:0
FNH:0
DA:1,19
DA:8,19
DA:13,19
LF:3
LH:3
BRF:0
BRH:0
end_of_record
TN:
SF:/Users/viktorbezdek/Work/frack/react-htmlcontent/src/locale/sk.js
FNF:0
FNH:0
DA:1,19
DA:8,19
DA:13,19
LF:3
LH:3
BRF:0
BRH:0
end_of_record
